#
# There is insufficient memory for the Java Runtime Environment to continue.
# Native memory allocation (malloc) failed to allocate 1048576 bytes. Error detail: AllocateHeap
# Possible reasons:
#   The system is out of physical RAM or swap space
#   This process is running with CompressedOops enabled, and the Java Heap may be blocking the growth of the native heap
# Possible solutions:
#   Reduce memory load on the system
#   Increase physical memory or swap space
#   Check if swap backing store is full
#   Decrease Java heap size (-Xmx/-Xms)
#   Decrease number of Java threads
#   Decrease Java thread stack sizes (-Xss)
#   Set larger code cache with -XX:ReservedCodeCacheSize=
#   JVM is running with Unscaled Compressed Oops mode in which the Java heap is
#     placed in the first 4GB address space. The Java Heap base address is the
#     maximum limit for the native heap growth. Please use -XX:HeapBaseMinAddress
#     to set the Java Heap base and to place the Java Heap above 4GB virtual address.
# This output file may be truncated or incomplete.
#
#  Out of Memory Error (allocation.cpp:44), pid=24128, tid=36352
#
# JRE version:  (22.0.2+9) (build )
# Java VM: Java HotSpot(TM) 64-Bit Server VM (22.0.2+9-70, mixed mode, sharing, tiered, compressed oops, compressed class ptrs, g1 gc, windows-amd64)
# No core dump will be written. Minidumps are not enabled by default on client versions of Windows
#

---------------  S U M M A R Y ------------

Command Line: calculadoraMP.calcularProteinas 3 198 C:\Users\Ismael\Desktop\DAM\2º\servicios y procesos\aev2\calculadoraProteinas\.\docs\20241207_012931_847\MP

Host: AMD Ryzen 5 5500                               , 12 cores, 15G,  Windows 11 , 64 bit Build 22621 (10.0.22621.4391)
Time: Sat Dec  7 01:29:55 2024 Hora estándar romance elapsed time: 5.989622 seconds (0d 0h 0m 5s)

---------------  T H R E A D  ---------------

Current thread (0x000001d6b4a4f040):  JavaThread "Unknown thread" [_thread_in_vm, id=36352, stack(0x00000087add00000,0x00000087ade00000) (1024K)]

Stack: [0x00000087add00000,0x00000087ade00000]
Native frames: (J=compiled Java code, j=interpreted, Vv=VM code, C=native code)
V  [jvm.dll+0x6e26e9]  (no source info available)
V  [jvm.dll+0x875753]  (no source info available)
V  [jvm.dll+0x877b7e]  (no source info available)
V  [jvm.dll+0x878253]  (no source info available)
V  [jvm.dll+0x27fc86]  (no source info available)
V  [jvm.dll+0xbe877]  (no source info available)
V  [jvm.dll+0x32a5f8]  (no source info available)
V  [jvm.dll+0x83d570]  (no source info available)
V  [jvm.dll+0x3c10d1]  (no source info available)
V  [jvm.dll+0x8264cc]  (no source info available)
V  [jvm.dll+0x45bd5e]  (no source info available)
V  [jvm.dll+0x45dbe1]  (no source info available)
C  [jli.dll+0x52a3]  (no source info available)
C  [ucrtbase.dll+0x29333]  (no source info available)
C  [KERNEL32.DLL+0x1259d]  (no source info available)
C  [ntdll.dll+0x5af38]  (no source info available)


---------------  P R O C E S S  ---------------

Threads class SMR info:
_java_thread_list=0x00007ff8bbe8c1c8, length=0, elements={
}

Java Threads: ( => current thread )
Total: 0

Other Threads:

=>0x000001d6b4a4f040 (exited) JavaThread "Unknown thread"    [_thread_in_vm, id=36352, stack(0x00000087add00000,0x00000087ade00000) (1024K)]
Total: 1

Threads with active compile tasks:
Total: 0

VM state: not at safepoint (not fully initialized)

VM Mutex/Monitor currently owned by a thread: None

Heap address: 0x0000000000000000, size: 0 MB, Compressed Oops mode: 32-bit

CDS archive(s) mapped at: [0x0000000000000000-0x0000000000000000-0x0000000000000000), size 0, SharedBaseAddress: 0x0000000800000000, ArchiveRelocationMode: 1.
Narrow klass base: 0x0000000000000000, Narrow klass shift: 0, Narrow klass range: 0x0

GC Precious Log:
 CardTable entry size: 512
 Card Set container configuration: InlinePtr #cards 4 size 8 Array Of Cards #cards 16 size 48 Howl #buckets 8 coarsen threshold 3686 Howl Bitmap #cards 512 size 80 coarsen threshold 460 Card regions per heap region 1 cards per card region 4096

GC Heap History (0 events):
No events

Dll operation events (1 events):
Event: 1.173 Loaded shared library C:\Program Files\Java\jdk-22\bin\java.dll

Deoptimization events (0 events):
No events

Classes loaded (0 events):
No events

Classes unloaded (0 events):
No events

Classes redefined (0 events):
No events

Internal exceptions (0 events):
No events

ZGC Phase Switch (0 events):
No events

VM Operations (0 events):
No events

Memory protections (0 events):
No events

Nmethod flushes (0 events):
No events

Events (0 events):
No events


Dynamic libraries:
0x00007ff64ba80000 - 0x00007ff64ba90000 	C:\Program Files\Java\jdk-22\bin\java.exe
0x00007ff94f390000 - 0x00007ff94f5a7000 	C:\Windows\SYSTEM32\ntdll.dll
0x00007ff94d760000 - 0x00007ff94d824000 	C:\Windows\System32\KERNEL32.DLL
0x00007ff94cc80000 - 0x00007ff94d039000 	C:\Windows\System32\KERNELBASE.dll
0x00007ff94cac0000 - 0x00007ff94cbd1000 	C:\Windows\System32\ucrtbase.dll
0x00007ff9488d0000 - 0x00007ff9488e7000 	C:\Program Files\Java\jdk-22\bin\jli.dll
0x00007ff94d230000 - 0x00007ff94d3de000 	C:\Windows\System32\USER32.dll
0x00007ff94c880000 - 0x00007ff94c8a6000 	C:\Windows\System32\win32u.dll
0x00007ff94eb10000 - 0x00007ff94eb39000 	C:\Windows\System32\GDI32.dll
0x00007ff94c8b0000 - 0x00007ff94c9cb000 	C:\Windows\System32\gdi32full.dll
0x00007ff94cbe0000 - 0x00007ff94cc7a000 	C:\Windows\System32\msvcp_win.dll
0x00007ff945390000 - 0x00007ff9453ab000 	C:\Program Files\Java\jdk-22\bin\VCRUNTIME140.dll
0x00007ff937430000 - 0x00007ff9376c2000 	C:\Windows\WinSxS\amd64_microsoft.windows.common-controls_6595b64144ccf1df_6.0.22621.4391_none_2715d37f73803e96\COMCTL32.dll
0x00007ff94d6a0000 - 0x00007ff94d747000 	C:\Windows\System32\msvcrt.dll
0x00007ff94d650000 - 0x00007ff94d681000 	C:\Windows\System32\IMM32.DLL
0x00007ff947d40000 - 0x00007ff947d4c000 	C:\Program Files\Java\jdk-22\bin\vcruntime140_1.dll
0x00007ff927180000 - 0x00007ff92720e000 	C:\Program Files\Java\jdk-22\bin\msvcp140.dll
0x00007ff8bb2a0000 - 0x00007ff8bbfe9000 	C:\Program Files\Java\jdk-22\bin\server\jvm.dll
0x00007ff94d890000 - 0x00007ff94d942000 	C:\Windows\System32\ADVAPI32.dll
0x00007ff94e1d0000 - 0x00007ff94e277000 	C:\Windows\System32\sechost.dll
0x00007ff94ca90000 - 0x00007ff94cab8000 	C:\Windows\System32\bcrypt.dll
0x00007ff94d110000 - 0x00007ff94d224000 	C:\Windows\System32\RPCRT4.dll
0x00007ff94eb40000 - 0x00007ff94ebb1000 	C:\Windows\System32\WS2_32.dll
0x00007ff94b520000 - 0x00007ff94b56d000 	C:\Windows\SYSTEM32\POWRPROF.dll
0x00007ff940e70000 - 0x00007ff940ea4000 	C:\Windows\SYSTEM32\WINMM.dll
0x00007ff948e00000 - 0x00007ff948e0a000 	C:\Windows\SYSTEM32\VERSION.dll
0x00007ff94b500000 - 0x00007ff94b513000 	C:\Windows\SYSTEM32\UMPDC.dll
0x00007ff94b7c0000 - 0x00007ff94b7d8000 	C:\Windows\SYSTEM32\kernel.appcore.dll
0x00007ff92bfa0000 - 0x00007ff92bfaa000 	C:\Program Files\Java\jdk-22\bin\jimage.dll
0x00007ff93fee0000 - 0x00007ff940112000 	C:\Windows\SYSTEM32\DBGHELP.DLL
0x00007ff94e780000 - 0x00007ff94eb0f000 	C:\Windows\System32\combase.dll
0x00007ff94d540000 - 0x00007ff94d617000 	C:\Windows\System32\OLEAUT32.dll
0x00007ff926820000 - 0x00007ff926852000 	C:\Windows\SYSTEM32\dbgcore.DLL
0x00007ff94c800000 - 0x00007ff94c87b000 	C:\Windows\System32\bcryptPrimitives.dll
0x00007ff8fc2b0000 - 0x00007ff8fc2ce000 	C:\Program Files\Java\jdk-22\bin\java.dll
0x00007ff94d950000 - 0x00007ff94e1c6000 	C:\Windows\System32\SHELL32.dll
0x00007ff94ebc0000 - 0x00007ff94ed65000 	C:\Windows\System32\ole32.dll

dbghelp: loaded successfully - version: 4.0.5 - missing functions: none
symbol engine: initialized successfully - sym options: 0x614 - pdb path: .;C:\Program Files\Java\jdk-22\bin;C:\Windows\SYSTEM32;C:\Windows\WinSxS\amd64_microsoft.windows.common-controls_6595b64144ccf1df_6.0.22621.4391_none_2715d37f73803e96;C:\Program Files\Java\jdk-22\bin\server

VM Arguments:
java_command: calculadoraMP.calcularProteinas 3 198 C:\Users\Ismael\Desktop\DAM\2º\servicios y procesos\aev2\calculadoraProteinas\.\docs\20241207_012931_847\MP
java_class_path (initial): C:\Users\Ismael\Desktop\DAM\2º\servicios y procesos\aev2\calculadoraProteinas\bin
Launcher Type: SUN_STANDARD

[Global flags]
     intx CICompilerCount                          = 4                                         {product} {ergonomic}
     uint ConcGCThreads                            = 3                                         {product} {ergonomic}
     uint G1ConcRefinementThreads                  = 10                                        {product} {ergonomic}
   size_t G1HeapRegionSize                         = 2097152                                   {product} {ergonomic}
   size_t InitialHeapSize                          = 266338304                                 {product} {ergonomic}
   size_t MarkStackSize                            = 4194304                                   {product} {ergonomic}
   size_t MaxHeapSize                              = 4242538496                                {product} {ergonomic}
   size_t MinHeapDeltaBytes                        = 2097152                                   {product} {ergonomic}
   size_t MinHeapSize                              = 8388608                                   {product} {ergonomic}
    uintx NonNMethodCodeHeapSize                   = 5839372                                {pd product} {ergonomic}
    uintx NonProfiledCodeHeapSize                  = 122909434                              {pd product} {ergonomic}
    uintx ProfiledCodeHeapSize                     = 122909434                              {pd product} {ergonomic}
    uintx ReservedCodeCacheSize                    = 251658240                              {pd product} {ergonomic}
     bool SegmentedCodeCache                       = true                                      {product} {ergonomic}
   size_t SoftMaxHeapSize                          = 4242538496                             {manageable} {ergonomic}
     bool UseCompressedOops                        = true                           {product lp64_product} {ergonomic}
     bool UseG1GC                                  = true                                      {product} {ergonomic}
     bool UseLargePagesIndividualAllocation        = false                                  {pd product} {ergonomic}

Logging:
Log output configuration:
 #0: stdout all=warning uptime,level,tags foldmultilines=false
 #1: stderr all=off uptime,level,tags foldmultilines=false

Environment Variables:
PATH=C:/Program Files/Java/jdk-22/bin/server;C:/Program Files/Java/jdk-22/bin;C:\Program Files\Common Files\Oracle\Java\javapath;C:\app\Ismael\product\21c\dbhomeXE\bin;C:\Program Files (x86)\NVIDIA Corporation\PhysX\Common;C:\Windows\system32;C:\Windows;C:\Windows\System32\Wbem;C:\Windows\System32\WindowsPowerShell\v1.0\;C:\Windows\System32\OpenSSH\;C:\Program Files\Git\cmd;C:\Program Files\nodejs\;C:\Program Files\Microsoft SQL Server\150\Tools\Binn\;C:\Program Files\dotnet\;C:\Program Files\PuTTY\;C:\Users\Ismael\AppData\Local\Microsoft\WindowsApps;;C:\Users\Ismael\AppData\Local\Programs\Microsoft VS Code\bin;C:\Users\Ismael\AppData\Roaming\npm;C:\Users\Ismael\.dotnet\tools;C:\Windows\system32;
USERNAME=Ismael
OS=Windows_NT
PROCESSOR_IDENTIFIER=AMD64 Family 25 Model 80 Stepping 0, AuthenticAMD
TMP=C:\Users\Ismael\AppData\Local\Temp
TEMP=C:\Users\Ismael\AppData\Local\Temp




Periodic native trim disabled

---------------  S Y S T E M  ---------------

OS:
 Windows 11 , 64 bit Build 22621 (10.0.22621.4391)
OS uptime: 14 days 22:32 hours

CPU: total 12 (initial active 12) (12 cores per cpu, 2 threads per core) family 25 model 80 stepping 0 microcode 0x0, cx8, cmov, fxsr, ht, mmx, 3dnowpref, sse, sse2, sse3, ssse3, sse4a, sse4.1, sse4.2, popcnt, lzcnt, tsc, tscinvbit, avx, avx2, aes, erms, clmul, bmi1, bmi2, adx, sha, fma, vzeroupper, clflush, clflushopt, rdtscp, rdpid, fsrm, f16c, pku, cet_ss
Processor Information for all 12 processors :
  Max Mhz: 3600, Current Mhz: 3600, Mhz Limit: 3600

Memory: 4k page, system-wide physical 16176M (6120M free)
TotalPageFile size 64304M (AvailPageFile size 29786M)
current process WorkingSet (physical memory assigned to process): 11M, peak: 11M
current process commit charge ("private bytes"): 12M, peak: 13M

vm_info: Java HotSpot(TM) 64-Bit Server VM (22.0.2+9-70) for windows-amd64 JRE (22.0.2+9-70), built on 2024-06-04T16:52:23Z by "mach5one" with MS VC++ 17.6 (VS2022)

END.
