#
# A fatal error has been detected by the Java Runtime Environment:
#
#  EXCEPTION_ACCESS_VIOLATION (0xc0000005) at pc=0x00007ff92bfa1b85, pid=24196, tid=48344
#
# JRE version:  (22.0.2+9) (build )
# Java VM: Java HotSpot(TM) 64-Bit Server VM (22.0.2+9-70, mixed mode, sharing, tiered, compressed class ptrs, unknown gc, windows-amd64)
# Problematic frame:
# C  [jimage.dll+0x1b85]
#
# No core dump will be written. Minidumps are not enabled by default on client versions of Windows
#
#

---------------  S U M M A R Y ------------

Command Line: 

Host: AMD Ryzen 5 5500                               , 12 cores, 15G,  Windows 11 , 64 bit Build 22621 (10.0.22621.4391)
Time: Sat Dec  7 01:29:45 2024 Hora estándar romance elapsed time: 3.883027 seconds (0d 0h 0m 3s)

---------------  T H R E A D  ---------------

Current thread is native thread

Stack: [0x000000d15aa00000,0x000000d15ab00000],  sp=0x000000d15aafdca0,  free space=1015k
Native frames: (J=compiled Java code, j=interpreted, Vv=VM code, C=native code)
C  [jimage.dll+0x1b85]  (no source info available)
C  [jimage.dll+0x1d13]  (no source info available)
C  [jimage.dll+0x25dd]  (no source info available)
V  [jvm.dll+0x21cf52]  (no source info available)
V  [jvm.dll+0xc7690]  (no source info available)
V  [jvm.dll+0x8262fc]  (no source info available)
V  [jvm.dll+0x45bd5e]  (no source info available)
V  [jvm.dll+0x45dbe1]  (no source info available)
C  [jli.dll+0x52a3]  (no source info available)
C  [ucrtbase.dll+0x29333]  (no source info available)
C  [KERNEL32.DLL+0x1259d]  (no source info available)
C  [ntdll.dll+0x5af38]  (no source info available)


siginfo: EXCEPTION_ACCESS_VIOLATION (0xc0000005), reading address 0x000000000001c52c


Registers:
RAX=0x0000000000007144, RBX=0x000000d15aafdd91, RCX=0x00007ff92bfa6000, RDX=0x0000000000007144
RSP=0x000000d15aafdca0, RBP=0x000000d15aafdd90, RSI=0x00000000000077a8, RDI=0x000000d15aafdd90
R8 =0x00007ff92bfa4298, R9 =0x000000000000001c, R10=0x00007ff945390000, R11=0x00007ff92bfa6000
R12=0x0000000000000000, R13=0x000000d15aaff800, R14=0x000000d15aafee00, R15=0x00007ff8bbc71e50
RIP=0x00007ff92bfa1b85, EFLAGS=0x0000000000010212


Top of Stack: (sp=0x000000d15aafdca0)
0x000000d15aafdca0:   0000000000000000 0000000000000000
0x000000d15aafdcb0:   0000000000000000 0000000000000000
0x000000d15aafdcc0:   000002c0e5b3a8e0 00007ff92bfa1d13
0x000000d15aafdcd0:   000000000000000b 000002c0e5b3a8e0
0x000000d15aafdce0:   0000000000000000 0000000000000000
0x000000d15aafdcf0:   0000000000000000 0000000000000000
0x000000d15aafdd00:   0000000000000000 0000000000000000
0x000000d15aafdd10:   0000000000000000 0000000000000000
0x000000d15aafdd20:   0000000000000000 0000000000000000
0x000000d15aafdd30:   000041d8367c9b5a 0000000000000000
0x000000d15aafdd40:   00007ff8bbc4fd60 0000000000000017
0x000000d15aafdd50:   000002c0e5b3a8e0 000000d15aafee00
0x000000d15aafdd60:   000000000000000b 00007ff92bfa25dd
0x000000d15aafdd70:   0000000000000000 0000000000000000
0x000000d15aafdd80:   0000000000000000 0000000000000000
0x000000d15aafdd90:   61622e6176616a2f 692f6b646a2f6573
0x000000d15aafdda0:   2f6c616e7265746e 6f6974706f2f6d76
0x000000d15aafddb0:   000000000000736e 0000000000000000
0x000000d15aafddc0:   0000000000000000 0000000000000000
0x000000d15aafddd0:   0000000000000000 0000000000000000
0x000000d15aafdde0:   0000000000000000 0000000000000000
0x000000d15aafddf0:   0000000000000000 0000000000000000
0x000000d15aafde00:   0000000000000000 0000000000000000
0x000000d15aafde10:   0000000000000000 0000000000000000
0x000000d15aafde20:   0000000000000000 0000000000000000
0x000000d15aafde30:   0000000000000000 0000000000000000
0x000000d15aafde40:   0000000000000000 0000000000000000
0x000000d15aafde50:   0000000000000000 0000000000000000
0x000000d15aafde60:   0000000000000000 0000000000000000
0x000000d15aafde70:   0000000000000000 000000007e00027c
0x000000d15aafde80:   000002c0e7e17810 00007ff94f3cf966
0x000000d15aafde90:   000002c0e5b30000 000000d15aafe189 

Instructions: (pc=0x00007ff92bfa1b85)
0x00007ff92bfa1a85:   48 85 c9 74 1d 80 3d 7f 45 00 00 00 74 06 48 8b
0x00007ff92bfa1a95:   53 18 eb 04 48 8b 53 40 e8 9a 0e 00 00 48 83 63
0x00007ff92bfa1aa5:   48 00 8b 4b 0c 83 f9 ff 74 09 e8 d0 0c 00 00 83
0x00007ff92bfa1ab5:   4b 0c ff 48 8b 4b 70 48 85 c9 74 0f ba 10 00 00
0x00007ff92bfa1ac5:   00 e8 f1 0e 00 00 48 83 63 70 00 48 83 c4 20 5b
0x00007ff92bfa1ad5:   c3 cc cc 40 53 48 83 ec 20 48 8b d9 48 8d 0d 38
0x00007ff92bfa1ae5:   47 00 00 e8 9f 0c 00 00 83 6b 08 01 75 24 48 8b
0x00007ff92bfa1af5:   d3 48 8d 0d 1b 45 00 00 e8 22 08 00 00 48 8b cb
0x00007ff92bfa1b05:   e8 d6 fe ff ff ba 78 00 00 00 48 8b cb e8 a5 0e
0x00007ff92bfa1b15:   00 00 48 8d 0d 02 47 00 00 48 83 c4 20 5b e9 6c
0x00007ff92bfa1b25:   0c 00 00 48 89 5c 24 08 48 89 74 24 10 57 48 83
0x00007ff92bfa1b35:   ec 20 41 8b f1 4d 8b c8 48 8b fa 4c 8b d9 4d 85
0x00007ff92bfa1b45:   c0 74 78 85 f6 74 74 44 8a 12 48 8d 5a 01 48 8b
0x00007ff92bfa1b55:   d3 b8 93 01 00 01 eb 12 69 c0 93 01 00 01 41 0f
0x00007ff92bfa1b65:   b6 ca 44 8a 12 33 c1 48 ff c2 45 84 d2 75 e9 4d
0x00007ff92bfa1b75:   8b 03 0f ba f0 1f 33 d2 49 8b cb f7 f6 48 63 c2
0x00007ff92bfa1b85:   41 8b 14 81 41 ff 50 08 85 c0 7e 24 8a 0f eb 10
0x00007ff92bfa1b95:   69 c0 93 01 00 01 0f b6 c9 33 c1 8a 0b 48 ff c3
0x00007ff92bfa1ba5:   84 c9 75 ec 0f ba f0 1f 33 d2 f7 f6 8b c2 eb 0e
0x00007ff92bfa1bb5:   79 09 83 c9 ff 2b c8 8b c1 eb 03 83 c8 ff 48 8b
0x00007ff92bfa1bc5:   5c 24 30 48 8b 74 24 38 48 83 c4 20 5f c3 cc 48
0x00007ff92bfa1bd5:   89 5c 24 08 48 89 74 24 10 57 48 83 ec 20 48 8b
0x00007ff92bfa1be5:   f1 48 8d 0d 33 46 00 00 e8 9a 0b 00 00 33 ff 39
0x00007ff92bfa1bf5:   3d 1e 44 00 00 76 24 48 8b 05 1d 44 00 00 48 8b
0x00007ff92bfa1c05:   d6 48 8b 1c f8 48 8b 0b e8 68 1e 00 00 85 c0 74
0x00007ff92bfa1c15:   2b ff c7 3b 3d fa 43 00 00 72 dc 33 db 48 8d 0d
0x00007ff92bfa1c25:   f7 45 00 00 e8 66 0b 00 00 48 8b 74 24 38 48 8b
0x00007ff92bfa1c35:   c3 48 8b 5c 24 30 48 83 c4 20 5f c3 ff 43 08 eb
0x00007ff92bfa1c45:   dc cc cc 48 89 5c 24 08 48 89 74 24 10 57 48 83
0x00007ff92bfa1c55:   ec 20 48 8b d9 48 8b f2 48 8b 49 10 49 8b f8 8b
0x00007ff92bfa1c65:   53 30 48 8b 01 ff 50 20 4c 8b 43 50 48 8b d6 48
0x00007ff92bfa1c75:   8b 4b 10 44 8b c8 e8 a8 fe ff ff 83 f8 ff 74 38 



---------------  P R O C E S S  ---------------

VM state: not at safepoint (not fully initialized)

VM Mutex/Monitor currently owned by a thread: None

CDS archive(s) mapped at: [0x0000000000000000-0x0000000000000000-0x0000000000000000), size 0, SharedBaseAddress: 0x0000000800000000, ArchiveRelocationMode: 1.
Narrow klass base: 0x0000000000000000, Narrow klass shift: 0, Narrow klass range: 0x0

GC Precious Log:
<Not initialized>


Dynamic libraries:
0x00007ff64ba80000 - 0x00007ff64ba90000 	C:\Program Files\Java\jdk-22\bin\java.exe
0x00007ff94f390000 - 0x00007ff94f5a7000 	C:\Windows\SYSTEM32\ntdll.dll
0x00007ff94d760000 - 0x00007ff94d824000 	C:\Windows\System32\KERNEL32.DLL
0x00007ff94cc80000 - 0x00007ff94d039000 	C:\Windows\System32\KERNELBASE.dll
0x00007ff94cac0000 - 0x00007ff94cbd1000 	C:\Windows\System32\ucrtbase.dll
0x00007ff9488d0000 - 0x00007ff9488e7000 	C:\Program Files\Java\jdk-22\bin\jli.dll
0x00007ff94d230000 - 0x00007ff94d3de000 	C:\Windows\System32\USER32.dll
0x00007ff94c880000 - 0x00007ff94c8a6000 	C:\Windows\System32\win32u.dll
0x00007ff94eb10000 - 0x00007ff94eb39000 	C:\Windows\System32\GDI32.dll
0x00007ff94c8b0000 - 0x00007ff94c9cb000 	C:\Windows\System32\gdi32full.dll
0x00007ff94cbe0000 - 0x00007ff94cc7a000 	C:\Windows\System32\msvcp_win.dll
0x00007ff945390000 - 0x00007ff9453ab000 	C:\Program Files\Java\jdk-22\bin\VCRUNTIME140.dll
0x00007ff937430000 - 0x00007ff9376c2000 	C:\Windows\WinSxS\amd64_microsoft.windows.common-controls_6595b64144ccf1df_6.0.22621.4391_none_2715d37f73803e96\COMCTL32.dll
0x00007ff94d6a0000 - 0x00007ff94d747000 	C:\Windows\System32\msvcrt.dll
0x00007ff94d650000 - 0x00007ff94d681000 	C:\Windows\System32\IMM32.DLL
0x00007ff947d40000 - 0x00007ff947d4c000 	C:\Program Files\Java\jdk-22\bin\vcruntime140_1.dll
0x00007ff927180000 - 0x00007ff92720e000 	C:\Program Files\Java\jdk-22\bin\msvcp140.dll
0x00007ff8bb2a0000 - 0x00007ff8bbfe9000 	C:\Program Files\Java\jdk-22\bin\server\jvm.dll
0x00007ff94d890000 - 0x00007ff94d942000 	C:\Windows\System32\ADVAPI32.dll
0x00007ff94e1d0000 - 0x00007ff94e277000 	C:\Windows\System32\sechost.dll
0x00007ff94ca90000 - 0x00007ff94cab8000 	C:\Windows\System32\bcrypt.dll
0x00007ff94d110000 - 0x00007ff94d224000 	C:\Windows\System32\RPCRT4.dll
0x00007ff94eb40000 - 0x00007ff94ebb1000 	C:\Windows\System32\WS2_32.dll
0x00007ff94b520000 - 0x00007ff94b56d000 	C:\Windows\SYSTEM32\POWRPROF.dll
0x00007ff940e70000 - 0x00007ff940ea4000 	C:\Windows\SYSTEM32\WINMM.dll
0x00007ff948e00000 - 0x00007ff948e0a000 	C:\Windows\SYSTEM32\VERSION.dll
0x00007ff94b500000 - 0x00007ff94b513000 	C:\Windows\SYSTEM32\UMPDC.dll
0x00007ff94b7c0000 - 0x00007ff94b7d8000 	C:\Windows\SYSTEM32\kernel.appcore.dll
0x00007ff92bfa0000 - 0x00007ff92bfaa000 	C:\Program Files\Java\jdk-22\bin\jimage.dll
0x00007ff93fee0000 - 0x00007ff940112000 	C:\Windows\SYSTEM32\DBGHELP.DLL
0x00007ff94e780000 - 0x00007ff94eb0f000 	C:\Windows\System32\combase.dll
0x00007ff94d540000 - 0x00007ff94d617000 	C:\Windows\System32\OLEAUT32.dll
0x00007ff926820000 - 0x00007ff926852000 	C:\Windows\SYSTEM32\dbgcore.DLL
0x00007ff94c800000 - 0x00007ff94c87b000 	C:\Windows\System32\bcryptPrimitives.dll

dbghelp: loaded successfully - version: 4.0.5 - missing functions: none
symbol engine: initialized successfully - sym options: 0x614 - pdb path: .;C:\Program Files\Java\jdk-22\bin;C:\Windows\SYSTEM32;C:\Windows\WinSxS\amd64_microsoft.windows.common-controls_6595b64144ccf1df_6.0.22621.4391_none_2715d37f73803e96;C:\Program Files\Java\jdk-22\bin\server

VM Arguments:
java_command: <unknown>
java_class_path (initial): <not set>
Launcher Type: SUN_STANDARD

[Global flags]
     bool UseLargePagesIndividualAllocation        = false                                  {pd product} {ergonomic}

Logging:
Log output configuration:
 #0: stdout all=warning uptime,level,tags foldmultilines=false
 #1: stderr all=off uptime,level,tags foldmultilines=false

Environment Variables:
PATH=C:/Program Files/Java/jdk-22/bin/server;C:/Program Files/Java/jdk-22/bin;C:\Program Files\Common Files\Oracle\Java\javapath;C:\app\Ismael\product\21c\dbhomeXE\bin;C:\Program Files (x86)\NVIDIA Corporation\PhysX\Common;C:\Windows\system32;C:\Windows;C:\Windows\System32\Wbem;C:\Windows\System32\WindowsPowerShell\v1.0\;C:\Windows\System32\OpenSSH\;C:\Program Files\Git\cmd;C:\Program Files\nodejs\;C:\Program Files\Microsoft SQL Server\150\Tools\Binn\;C:\Program Files\dotnet\;C:\Program Files\PuTTY\;C:\Users\Ismael\AppData\Local\Microsoft\WindowsApps;;C:\Users\Ismael\AppData\Local\Programs\Microsoft VS Code\bin;C:\Users\Ismael\AppData\Roaming\npm;C:\Users\Ismael\.dotnet\tools;C:\Windows\system32;
USERNAME=Ismael
OS=Windows_NT
PROCESSOR_IDENTIFIER=AMD64 Family 25 Model 80 Stepping 0, AuthenticAMD
TMP=C:\Users\Ismael\AppData\Local\Temp
TEMP=C:\Users\Ismael\AppData\Local\Temp




Periodic native trim disabled

---------------  S Y S T E M  ---------------

OS:
 Windows 11 , 64 bit Build 22621 (10.0.22621.4391)
OS uptime: 14 days 22:31 hours

CPU: total 12 (initial active 0) 
Processor Information for all 12 processors :
  Max Mhz: 3600, Current Mhz: 3600, Mhz Limit: 3600

Memory: 4k page, system-wide physical 16176M (2717M free)
TotalPageFile size 65328M (AvailPageFile size 11590M)
current process WorkingSet (physical memory assigned to process): 8M, peak: 8M
current process commit charge ("private bytes"): 3M, peak: 3M

vm_info: Java HotSpot(TM) 64-Bit Server VM (22.0.2+9-70) for windows-amd64 JRE (22.0.2+9-70), built on 2024-06-04T16:52:23Z by "mach5one" with MS VC++ 17.6 (VS2022)

END.
