#
# A fatal error has been detected by the Java Runtime Environment:
#
#  EXCEPTION_ACCESS_VIOLATION (0xc0000005) at pc=0x00007ff8bb6834a3, pid=15232, tid=22152
#
# JRE version:  (22.0.2+9) (build )
# Java VM: Java HotSpot(TM) 64-Bit Server VM (22.0.2+9-70, mixed mode, tiered, compressed oops, compressed class ptrs, g1 gc, windows-amd64)
# Problematic frame:
# V  [jvm.dll+0x3e34a3]
#
# No core dump will be written. Minidumps are not enabled by default on client versions of Windows
#
#

---------------  S U M M A R Y ------------

Command Line: calculadoraMP.calcularProteinas 3 127 C:\Users\Ismael\Desktop\DAM\2º\servicios y procesos\aev2\calculadoraProteinas\.\docs\20241207_012931_847\MP

Host: AMD Ryzen 5 5500                               , 12 cores, 15G,  Windows 11 , 64 bit Build 22621 (10.0.22621.4391)
Time: Sat Dec  7 01:29:46 2024 Hora estándar romance elapsed time: 6.600254 seconds (0d 0h 0m 6s)

---------------  T H R E A D  ---------------

Current thread (0x0000020ad2da0ea0):  JavaThread "main"             [_thread_in_vm, id=22152, stack(0x000000c64d900000,0x000000c64da00000) (1024K)]

Stack: [0x000000c64d900000,0x000000c64da00000],  sp=0x000000c64d9fd6f0,  free space=1013k
Native frames: (J=compiled Java code, j=interpreted, Vv=VM code, C=native code)
V  [jvm.dll+0x3e34a3]  (no source info available)
V  [jvm.dll+0x6e2602]  (no source info available)
V  [jvm.dll+0x3e324e]  (no source info available)
V  [jvm.dll+0x3c4082]  (no source info available)
V  [jvm.dll+0x3c83de]  (no source info available)
V  [jvm.dll+0x3c7bf8]  (no source info available)
V  [jvm.dll+0x3e95ea]  (no source info available)
V  [jvm.dll+0x48d90c]  (no source info available)
C  0x0000020ae492cf87  (no source info available)

The last pc belongs to native method entry point (kind = native) (printed below).
Java frames: (J=compiled Java code, j=interpreted, Vv=VM code)
j  java.security.AccessController.getStackAccessControlContext()Ljava/security/AccessControlContext;+0 java.base
j  java.security.AccessController.getContext()Ljava/security/AccessControlContext;+0 java.base
j  java.lang.Thread.<init>(Ljava/lang/ThreadGroup;Ljava/lang/String;ILjava/lang/Runnable;JLjava/security/AccessControlContext;)V+226 java.base
j  java.lang.Thread.<init>(Ljava/lang/ThreadGroup;Ljava/lang/String;)V+10 java.base
v  ~StubRoutines::call_stub 0x0000020ae492100d

siginfo: EXCEPTION_ACCESS_VIOLATION (0xc0000005), writing address 0x000000c64d9f56f0


Registers:
RAX=0x0000000000000001, RBX=0x0000020ad2da0ea0, RCX=0x0000000000001000, RDX=0x0000000000000000
RSP=0x000000c64d9fd6f0, RBP=0x000000c64d9fd7f0, RSI=0x000000c64d9fd930, RDI=0x000000c64d9f56f0
R8 =0x000000c64d9fd6f0, R9 =0x000000000000018a, R10=0x0000000000000000, R11=0x000000c64d9fd918
R12=0x000000c64d9fd8f8, R13=0x000000000000000a, R14=0x0000000000000000, R15=0x000000c64d9fd918
RIP=0x00007ff8bb6834a3, EFLAGS=0x0000000000010206


Register to memory mapping:

RAX=0x0000000000000001 is an unknown value
RBX=0x0000020ad2da0ea0 is a thread
RCX=0x0000000000001000 is an unknown value
RDX=0x0 is null
RSP=0x000000c64d9fd6f0 is pointing into the stack for thread: 0x0000020ad2da0ea0
RBP=0x000000c64d9fd7f0 is pointing into the stack for thread: 0x0000020ad2da0ea0
RSI=0x000000c64d9fd930 is pointing into the stack for thread: 0x0000020ad2da0ea0
RDI=0x000000c64d9f56f0 is pointing into the stack for thread: 0x0000020ad2da0ea0
R8 =0x000000c64d9fd6f0 is pointing into the stack for thread: 0x0000020ad2da0ea0
R9 =0x000000000000018a is an unknown value
R10=0x0 is null
R11=0x000000c64d9fd918 is pointing into the stack for thread: 0x0000020ad2da0ea0
R12=0x000000c64d9fd8f8 is pointing into the stack for thread: 0x0000020ad2da0ea0
R13=0x000000000000000a is an unknown value
R14=0x0 is null
R15=0x000000c64d9fd918 is pointing into the stack for thread: 0x0000020ad2da0ea0

Top of Stack: (sp=0x000000c64d9fd6f0)
0x000000c64d9fd6f0:   0000020ad2da0ea0 000000c64d9fd930
0x000000c64d9fd700:   0000000000000000 0000020ad2da1598
0x000000c64d9fd710:   0000000000000000 00000000000001f4
0x000000c64d9fd720:   00007ff8bbe7b070 00007ff8bb363d8c
0x000000c64d9fd730:   0000000584010000 00000000bf044200
0x000000c64d9fd740:   0000000000000000 00000000bf041170
0x000000c64d9fd750:   000000c64d9fd9c0 0000020ad2da0ea0
0x000000c64d9fd760:   0000020ad2da0ea0 0000020ad2da0ea0
0x000000c64d9fd770:   00000000bf044200 0000020ad5099d40
0x000000c64d9fd780:   0000020ad2da1598 0000000000000000
0x000000c64d9fd790:   00000000000000d8 000000c64d9fdae0
0x000000c64d9fd7a0:   00009a9360056506 0000020ad2da0ea0
0x000000c64d9fd7b0:   0000020ad2e1f780 0000020ad5099d40
0x000000c64d9fd7c0:   0000020ad5099d78 0000020ad5099e28
0x000000c64d9fd7d0:   00000000000000d8 000000c64d9fdae0
0x000000c64d9fd7e0:   0000000000000000 00007ff8bb866feb
0x000000c64d9fd7f0:   000000c64d9fd960 0000000000000005
0x000000c64d9fd800:   00007ff8bbf0af80 0000020ad2da0ea0
0x000000c64d9fd810:   00000000bf044200 00000000bf044200
0x000000c64d9fd820:   0000020a80040500 0000020ad2da1520
0x000000c64d9fd830:   0000020ad2da0ea0 0000000000000000
0x000000c64d9fd840:   000000c64d9fd9c0 00007ff8bb982602
0x000000c64d9fd850:   00007ff8bb683260 00007ff8bb9516e3
0x000000c64d9fd860:   00009a9360056500 0000020ae492bb80
0x000000c64d9fd870:   0000000000000000 00007ff8bb68324e
0x000000c64d9fd880:   000000c64d9fd970 00007ff8bb52c758
0x000000c64d9fd890:   00007ff8bbf0cb00 0000000000000000
0x000000c64d9fd8a0:   0000020ad2da0ea0 00007ff8bbac9164
0x000000c64d9fd8b0:   0000000000000000 00007ff8bb664082
0x000000c64d9fd8c0:   0000000000000000 0000020a8003e278
0x000000c64d9fd8d0:   000000c64d9fd970 00007ff8bb4bafe3
0x000000c64d9fd8e0:   00007ff8bbf0cc00 0000020ad2da0ea0 

Instructions: (pc=0x00007ff8bb6834a3)
0x00007ff8bb6833a3:   38 35 05 6e 87 00 48 89 4d 78 74 15 44 39 b3 e8
0x00007ff8bb6833b3:   05 00 00 74 0c 49 8b 04 24 48 8b 40 38 48 89 45
0x00007ff8bb6833c3:   78 41 0f b6 17 8d 42 fc 83 f8 0a 0f 87 c8 04 00
0x00007ff8bb6833d3:   00 4c 8d 05 25 cc c1 ff 48 98 41 8b 8c 80 58 39
0x00007ff8bb6833e3:   3e 00 49 03 c8 ff e1 41 bd 0a 00 00 00 eb 16 41
0x00007ff8bb6833f3:   bd 0b 00 00 00 eb 0e 41 bd 06 00 00 00 eb 06 41
0x00007ff8bb683403:   bd 07 00 00 00 49 8b 04 24 80 ea 0c 80 fa 01 0f
0x00007ff8bb683413:   96 45 70 8b 48 28 c1 e9 03 f6 c1 01 75 07 48 8b
0x00007ff8bb683423:   46 58 4c 8b 30 48 8d 8b d0 04 00 00 e8 2c 74 38
0x00007ff8bb683433:   00 e8 c7 ed 2f 00 4c 8b c0 49 8b d4 48 8b cb 48
0x00007ff8bb683443:   8b f8 e8 86 34 2f 00 84 c0 75 33 4d 8b cc 48 8d
0x00007ff8bb683453:   15 80 13 62 00 41 b8 82 01 00 00 48 8b cb e8 fa
0x00007ff8bb683463:   6d f2 ff 48 8b 9c 24 60 01 00 00 48 81 c4 20 01
0x00007ff8bb683473:   00 00 41 5f 41 5e 41 5d 41 5c 5f 5e 5d c3 48 8b
0x00007ff8bb683483:   0d 98 a6 88 00 33 d2 48 8b 05 77 f3 88 00 48 f7
0x00007ff8bb683493:   f1 48 83 f8 01 72 12 66 0f 1f 44 00 00 48 2b f9
0x00007ff8bb6834a3:   c6 07 00 48 83 e8 01 75 f4 33 c0 48 8b cb 48 89
0x00007ff8bb6834b3:   44 24 60 48 89 44 24 70 48 89 44 24 68 48 8b 03
0x00007ff8bb6834c3:   ff 50 38 84 c0 0f 84 4a 04 00 00 48 8b 03 48 8b
0x00007ff8bb6834d3:   cb ff 90 98 00 00 00 84 c0 0f 84 56 04 00 00 33
0x00007ff8bb6834e3:   d2 4c 89 7c 24 78 48 8b cb e8 bf 44 09 00 48 8b
0x00007ff8bb6834f3:   cb 48 8b f8 e8 54 5e f2 ff 48 8b 8b 58 04 00 00
0x00007ff8bb683503:   f6 c1 01 74 0f 41 b0 01 48 8b cb 41 0f b6 d0 e8
0x00007ff8bb683513:   d9 32 36 00 8b 83 50 04 00 00 a8 0c 74 08 48 8b
0x00007ff8bb683523:   cb e8 47 00 01 00 c7 83 54 04 00 00 08 00 00 00
0x00007ff8bb683533:   45 33 d2 49 8b 04 24 48 89 44 24 50 4d 85 f6 75
0x00007ff8bb683543:   07 4c 89 54 24 58 eb 08 49 8b 06 48 89 44 24 58
0x00007ff8bb683553:   48 89 5c 24 40 48 8b 83 30 04 00 00 48 89 44 24
0x00007ff8bb683563:   48 48 8b 8b a0 03 00 00 48 8b 44 24 60 48 3b c1
0x00007ff8bb683573:   74 05 4c 89 54 24 60 48 8b 83 b0 03 00 00 48 89
0x00007ff8bb683583:   44 24 70 48 8b 83 a8 03 00 00 48 89 44 24 68 48
0x00007ff8bb683593:   8b 83 a0 03 00 00 48 89 44 24 60 4c 89 93 a0 03 


Stack slot to memory mapping:

stack at sp + 0 slots: 0x0000020ad2da0ea0 is a thread
stack at sp + 1 slots: 0x000000c64d9fd930 is pointing into the stack for thread: 0x0000020ad2da0ea0
stack at sp + 2 slots: 0x0 is null
stack at sp + 3 slots: 0x0000020ad2da1598 points into unknown readable memory: 0x0000000000000000 | 00 00 00 00 00 00 00 00
stack at sp + 4 slots: 0x0 is null
stack at sp + 5 slots: 0x00000000000001f4 is an unknown value
stack at sp + 6 slots: 0x00007ff8bbe7b070 jvm.dll
stack at sp + 7 slots: 0x00007ff8bb363d8c jvm.dll

native method entry point (kind = native)  [0x0000020ae492cb60, 0x0000020ae492d680]  2848 bytes
[MachCode]
  0x0000020ae492cb60: 488b 4b08 | 0fb7 492e | 584c 8d74 | ccf8 6800 | 0000 0068 | 0000 0000 | 5055 488b | ec41 5568 
  0x0000020ae492cb80: 0000 0000 | 4c8b 6b08 | 4d8d 6d38 | 5348 8b53 | 0848 8b52 | 0848 8b52 | 1848 8b52 | 7048 8b12 
  0x0000020ae492cba0: 5248 8b53 | 1048 85d2 | 0f84 0700 | 0000 4881 | c210 0100 | 0052 488b | 5308 488b | 5208 488b 
  0x0000020ae492cbc0: 5210 5249 | 8bc6 482b | c548 c1e8 | 0350 6800 | 0000 0068 | f7ff ffff | 41c6 8781 | 0400 0001 
  0x0000020ae492cbe0: 488b 4310 | 4885 c074 | 208b 88cc | 0000 0083 | c102 8988 | cc00 0000 | 2388 e000 | 0000 0f84 
  0x0000020ae492cc00: cb09 0000 | e9cf 0000 | 0048 8b43 | 1848 85c0 | 0f85 b000 | 0000 e805 | 0000 00e9 | 9900 0000 
  0x0000020ae492cc20: 488b d348 | 8d44 2408 | 4c89 6dc0 | 498b cfc5 | f877 4989 | afb0 0300 | 0049 8987 | a003 0000 
  0x0000020ae492cc40: 4883 ec20 | 40f6 c40f | 0f84 1900 | 0000 4883 | ec08 48b8 | 00a7 67bb | f87f 0000 | ffd0 4883 
  0x0000020ae492cc60: c408 e90c | 0000 0048 | b800 a767 | bbf8 7f00 | 00ff d048 | 83c4 2049 | c787 a003 | 0000 0000 
  0x0000020ae492cc80: 0000 49c7 | 87b0 0300 | 0000 0000 | 0049 c787 | a803 0000 | 0000 0000 | c5f8 7749 | 837f 0800 
  0x0000020ae492cca0: 0f84 0500 | 0000 e955 | 42ff ff4c | 8b6d c04c | 8b75 c84e | 8d74 f500 | c348 8b43 | 1848 85c0 
  0x0000020ae492ccc0: 0f84 1200 | 0000 8b48 | 0883 c102 | 8948 0823 | 481c 0f84 | f708 0000 | 493b a7f0 | 0400 000f 
  0x0000020ae492cce0: 8748 0000 | 0089 8424 | 00f0 ffff | 8984 2400 | e0ff ff89 | 8424 00d0 | ffff 8984 | 2400 c0ff 
  0x0000020ae492cd00: ff89 8424 | 00b0 ffff | 8984 2400 | a0ff ff89 | 8424 0090 | ffff 8984 | 2400 80ff | ff49 3ba7 
  0x0000020ae492cd20: e804 0000 | 7607 4989 | a7f0 0400 | 0041 c687 | 8104 0000 | 0049 ba6c | 40ee bbf8 | 7f00 0041 
  0x0000020ae492cd40: 803a 000f | 843e 0000 | 0048 8b55 | e849 8bcf | 4883 ec20 | 40f6 c40f | 0f84 1900 | 0000 4883 
  0x0000020ae492cd60: ec08 48b8 | 80b9 9ebb | f87f 0000 | ffd0 4883 | c408 e90c | 0000 0048 | b880 b99e | bbf8 7f00 
  0x0000020ae492cd80: 00ff d048 | 83c4 2048 | 8b5d e84c | 8b5b 0845 | 0fb7 5b2e | 41c1 e303 | 492b e348 | 83ec 2048 
  0x0000020ae492cda0: 83e4 f04c | 8b5b 604d | 85db 0f85 | ab00 0000 | e805 0000 | 00e9 9900 | 0000 488b | d348 8d44 
  0x0000020ae492cdc0: 2408 4c89 | 6dc0 498b | cfc5 f877 | 4989 afb0 | 0300 0049 | 8987 a003 | 0000 4883 | ec20 40f6 
  0x0000020ae492cde0: c40f 0f84 | 1900 0000 | 4883 ec08 | 48b8 20ce | 67bb f87f | 0000 ffd0 | 4883 c408 | e90c 0000 
  0x0000020ae492ce00: 0048 b820 | ce67 bbf8 | 7f00 00ff | d048 83c4 | 2049 c787 | a003 0000 | 0000 0000 | 49c7 87b0 
  0x0000020ae492ce20: 0300 0000 | 0000 0049 | c787 a803 | 0000 0000 | 0000 c5f8 | 7749 837f | 0800 0f84 | 0500 0000 
  0x0000020ae492ce40: e9bb 40ff | ff4c 8b6d | c04c 8b75 | c84e 8d74 | f500 c348 | 8b5d e84c | 8b5b 6041 | ffd3 488b 
  0x0000020ae492ce60: 5de8 4889 | 4518 448b | 5b28 41f6 | c308 0f84 | 1b00 0000 | 4c8b 5b08 | 4d8b 5b08 | 4d8b 5b18 
  0x0000020ae492ce80: 4d8b 5b70 | 4d8b 1b4c | 895d 1048 | 8d55 1048 | 8b43 5849 | ba80 109f | bbf8 7f00 | 0049 3bc2 
  0x0000020ae492cea0: 0f85 ab00 | 0000 e805 | 0000 00e9 | 9900 0000 | 488b d348 | 8d44 2408 | 4c89 6dc0 | 498b cfc5 
  0x0000020ae492cec0: f877 4989 | afb0 0300 | 0049 8987 | a003 0000 | 4883 ec20 | 40f6 c40f | 0f84 1900 | 0000 4883 
  0x0000020ae492cee0: ec08 48b8 | 20ce 67bb | f87f 0000 | ffd0 4883 | c408 e90c | 0000 0048 | b820 ce67 | bbf8 7f00 
  0x0000020ae492cf00: 00ff d048 | 83c4 2049 | c787 a003 | 0000 0000 | 0000 49c7 | 87b0 0300 | 0000 0000 | 0049 c787 
  0x0000020ae492cf20: a803 0000 | 0000 0000 | c5f8 7749 | 837f 0800 | 0f84 0500 | 0000 e9c5 | 3fff ff4c | 8b6d c04c 
  0x0000020ae492cf40: 8b75 c84e | 8d74 f500 | c348 8b5d | e848 8b43 | 5849 8d8f | c003 0000 | c5f8 7749 | 89af b003 
  0x0000020ae492cf60: 0000 49ba | 58cf 92e4 | 0a02 0000 | 4d89 97a8 | 0300 0049 | 89a7 a003 | 0000 41c7 | 8754 0400 
  0x0000020ae492cf80: 0004 0000 | 00ff d0c5 | f877 4883 | ec10 c5fb | 1104 2448 | 83ec 1048 | 8904 2448 | c744 2408 
  0x0000020ae492cfa0: 0000 0000 | 41c7 8754 | 0400 0005 | 0000 00f0 | 8344 24c0 | 0049 3baf | 5804 0000 | 0f87 0e00 
  0x0000020ae492cfc0: 0000 4183 | bf50 0400 | 0000 0f84 | 2000 0000 | 498b cf4c | 8be4 4883 | ec20 4883 | e4f0 48b8 
  0x0000020ae492cfe0: 4023 69bb | f87f 0000 | ffd0 498b | e44d 33e4 | 41c7 8754 | 0400 0008 | 0000 0049 | c787 a003 
  0x0000020ae492d000: 0000 0000 | 0000 49c7 | 87b0 0300 | 0000 0000 | 0049 c787 | a803 0000 | 0000 0000 | c5f8 774d 
  0x0000020ae492d020: 8b9f 3004 | 0000 41c7 | 8300 0100 | 0000 0000 | 0049 bbda | a492 e40a | 0200 004c | 3b5d 180f 
  0x0000020ae492d040: 8524 0200 | 0048 8b04 | 2448 83c4 | 1048 85c0 | 0f84 fe01 | 0000 a803 | 0f85 0800 | 0000 488b 
  0x0000020ae492d060: 00e9 ee01 | 0000 a801 | 0f85 0900 | 0000 488b | 40fe e9dd | 0100 0048 | 8b40 ff41 | 807f 3800 
  0x0000020ae492d080: 0f84 ce01 | 0000 4883 | f800 0f84 | c401 0000 | 4d8b 5f28 | 4983 fb00 | 0f84 1400 | 0000 4983 
  0x0000020ae492d0a0: eb08 4d89 | 5f28 4d03 | 5f30 4989 | 03e9 a201 | 0000 4881 | ecd0 0000 | 0048 8904 | 2448 894c 
  0x0000020ae492d0c0: 2408 4889 | 5424 1048 | 8974 2418 | 4889 7c24 | 204c 8944 | 2428 4c89 | 4c24 304c | 8954 2438 
  0x0000020ae492d0e0: 4c89 5c24 | 40c5 fb11 | 4424 50c5 | fb11 4c24 | 58c5 fb11 | 5424 60c5 | fb11 5c24 | 68c5 fb11 
  0x0000020ae492d100: 6424 70c5 | fb11 6c24 | 78c5 fb11 | b424 8000 | 0000 c5fb | 11bc 2488 | 0000 00c5 | 7b11 8424 
  0x0000020ae492d120: 9000 0000 | c57b 118c | 2498 0000 | 00c5 7b11 | 9424 a000 | 0000 c57b | 119c 24a8 | 0000 00c5 
  0x0000020ae492d140: 7b11 a424 | b000 0000 | c57b 11ac | 24b8 0000 | 00c5 7b11 | b424 c000 | 0000 c57b | 11bc 24c8 
  0x0000020ae492d160: 0000 0049 | 8bd7 488b | c848 83ec | 2040 f6c4 | 0f0f 8419 | 0000 0048 | 83ec 0848 | b830 3f5c 
  0x0000020ae492d180: bbf8 7f00 | 00ff d048 | 83c4 08e9 | 0c00 0000 | 48b8 303f | 5cbb f87f | 0000 ffd0 | 4883 c420 
  0x0000020ae492d1a0: c57b 10bc | 24c8 0000 | 00c5 7b10 | b424 c000 | 0000 c57b | 10ac 24b8 | 0000 00c5 | 7b10 a424 
  0x0000020ae492d1c0: b000 0000 | c57b 109c | 24a8 0000 | 00c5 7b10 | 9424 a000 | 0000 c57b | 108c 2498 | 0000 00c5 
  0x0000020ae492d1e0: 7b10 8424 | 9000 0000 | c5fb 10bc | 2488 0000 | 00c5 fb10 | b424 8000 | 0000 c5fb | 106c 2478 
  0x0000020ae492d200: c5fb 1064 | 2470 c5fb | 105c 2468 | c5fb 1054 | 2460 c5fb | 104c 2458 | c5fb 1044 | 2450 4c8b 
  0x0000020ae492d220: 5c24 404c | 8b54 2438 | 4c8b 4c24 | 304c 8b44 | 2428 488b | 7c24 2048 | 8b74 2418 | 488b 5424 
  0x0000020ae492d240: 1048 8b4c | 2408 488b | 0424 4881 | c4d0 0000 | 00c5 f877 | 4889 4510 | 4883 ec10 | 4889 0424 
  0x0000020ae492d260: 48c7 4424 | 0800 0000 | 0041 83bf | d004 0000 | 020f 85bf | 0000 0048 | 81ec 8000 | 0000 4889 
  0x0000020ae492d280: 4424 7848 | 894c 2470 | 4889 5424 | 6848 895c | 2460 4889 | 6c24 5048 | 8974 2448 | 4889 7c24 
  0x0000020ae492d2a0: 404c 8944 | 2438 4c89 | 4c24 304c | 8954 2428 | 4c89 5c24 | 204c 8964 | 2418 4c89 | 6c24 104c 
  0x0000020ae492d2c0: 8974 2408 | 4c89 3c24 | 4c8b e448 | 83ec 2048 | 83e4 f048 | b8d0 f19e | bbf8 7f00 | 00ff d049 
  0x0000020ae492d2e0: 8be4 4c8b | 3c24 4c8b | 7424 084c | 8b6c 2410 | 4c8b 6424 | 184c 8b5c | 2420 4c8b | 5424 284c 
  0x0000020ae492d300: 8b4c 2430 | 4c8b 4424 | 3848 8b7c | 2440 488b | 7424 4848 | 8b6c 2450 | 488b 5c24 | 6048 8b54 
  0x0000020ae492d320: 2468 488b | 4c24 7048 | 8b44 2478 | 4881 c480 | 0000 004d | 33e4 488b | 5de8 4c8b | 6b08 4d8d 
  0x0000020ae492d340: 6d38 4983 | 7f08 000f | 84bb 0000 | 00e8 0500 | 0000 e996 | 0000 0048 | 8d44 2408 | 4c89 6dc0 
  0x0000020ae492d360: 498b cfc5 | f877 4989 | afb0 0300 | 0049 8987 | a003 0000 | 4883 ec20 | 40f6 c40f | 0f84 1900 
  0x0000020ae492d380: 0000 4883 | ec08 48b8 | 60ec 67bb | f87f 0000 | ffd0 4883 | c408 e90c | 0000 0048 | b860 ec67 
  0x0000020ae492d3a0: bbf8 7f00 | 00ff d048 | 83c4 2049 | c787 a003 | 0000 0000 | 0000 49c7 | 87b0 0300 | 0000 0000 
  0x0000020ae492d3c0: 0049 c787 | a803 0000 | 0000 0000 | c5f8 7749 | 837f 0800 | 0f84 0500 | 0000 e921 | 3bff ff4c 
  0x0000020ae492d3e0: 8b6d c04c | 8b75 c84e | 8d74 f500 | c348 b9c0 | 28c6 bbf8 | 7f00 0048 | 83e4 f048 | b830 998d 
  0x0000020ae492d400: bbf8 7f00 | 00ff d0f4 | 448b 5b28 | 41f6 c320 | 0f84 4401 | 0000 488d | 55a8 4c8b | 5a08 4d85 
  0x0000020ae492d420: db0f 85bb | 0000 00e8 | 0500 0000 | e996 0000 | 0048 8d44 | 2408 4c89 | 6dc0 498b | cfc5 f877 
  0x0000020ae492d440: 4989 afb0 | 0300 0049 | 8987 a003 | 0000 4883 | ec20 40f6 | c40f 0f84 | 1900 0000 | 4883 ec08 
  0x0000020ae492d460: 48b8 90eb | 67bb f87f | 0000 ffd0 | 4883 c408 | e90c 0000 | 0048 b890 | eb67 bbf8 | 7f00 00ff 
  0x0000020ae492d480: d048 83c4 | 2049 c787 | a003 0000 | 0000 0000 | 49c7 87b0 | 0300 0000 | 0000 0049 | c787 a803 
  0x0000020ae492d4a0: 0000 0000 | 0000 c5f8 | 7749 837f | 0800 0f84 | 0500 0000 | e947 3aff | ff4c 8b6d | c04c 8b75 
  0x0000020ae492d4c0: c84e 8d74 | f500 c348 | b9c0 28c6 | bbf8 7f00 | 0048 83e4 | f048 b830 | 998d bbf8 | 7f00 00ff 
  0x0000020ae492d4e0: d0f4 4c89 | 6dc0 488d | 024c 8b4a | 0848 c742 | 0800 0000 | 004c 8b00 | 4d85 c00f | 840b 0000 
  0x0000020ae492d500: 00f0 4d0f | b101 0f85 | 0c00 0000 | 49ff 8f58 | 0500 00e9 | 3e00 0000 | 4c89 4a08 | 488b ca48 
  0x0000020ae492d520: 83ec 2040 | f6c4 0f0f | 8419 0000 | 0048 83ec | 0848 b820 | be67 bbf8 | 7f00 00ff | d048 83c4 
  0x0000020ae492d540: 08e9 0c00 | 0000 48b8 | 20be 67bb | f87f 0000 | ffd0 4883 | c420 4c8b | 6dc0 49ba | 6c40 eebb 
  0x0000020ae492d560: f87f 0000 | 4180 3a00 | 0f84 3e00 | 0000 488b | 55e8 498b | cf48 83ec | 2040 f6c4 | 0f0f 8419 
  0x0000020ae492d580: 0000 0048 | 83ec 0848 | b880 b99e | bbf8 7f00 | 00ff d048 | 83c4 08e9 | 0c00 0000 | 48b8 80b9 
  0x0000020ae492d5a0: 9ebb f87f | 0000 ffd0 | 4883 c420 | 488b 0424 | 4883 c410 | c5fb 1004 | 2448 83c4 | 104c 8b5d 
  0x0000020ae492d5c0: 1841 ffd3 | 4c8b 5df8 | c95f 498b | e3ff e7ba | 0000 0000 | e805 0000 | 00e9 9600 | 0000 488d 
  0x0000020ae492d5e0: 4424 084c | 896d c049 | 8bcf c5f8 | 7749 89af | b003 0000 | 4989 87a0 | 0300 0048 | 83ec 2040 
  0x0000020ae492d600: f6c4 0f0f | 8419 0000 | 0048 83ec | 0848 b8e0 | b167 bbf8 | 7f00 00ff | d048 83c4 | 08e9 0c00 
  0x0000020ae492d620: 0000 48b8 | e0b1 67bb | f87f 0000 | ffd0 4883 | c420 49c7 | 87a0 0300 | 0000 0000 | 0049 c787 
  0x0000020ae492d640: b003 0000 | 0000 0000 | 49c7 87a8 | 0300 0000 | 0000 00c5 | f877 4983 | 7f08 000f | 8405 0000 
  0x0000020ae492d660: 00e9 9a38 | ffff 4c8b | 6dc0 4c8b | 75c8 4e8d | 74f5 00c3 | 488b 5de8 | e95b f6ff | ff66 6690 
[/MachCode]

---------------  P R O C E S S  ---------------

Threads class SMR info:
_java_thread_list=0x0000020af4359250, length=1, elements={
0x0000020ad2da0ea0
}

Java Threads: ( => current thread )
=>0x0000020ad2da0ea0 JavaThread "main"                              [_thread_in_vm, id=22152, stack(0x000000c64d900000,0x000000c64da00000) (1024K)]
Total: 1

Other Threads:
  0x0000020a84010910 VMThread "VM Thread"                           [id=24384, stack(0x000000c64e000000,0x000000c64e100000) (1024K)]
  0x0000020af4484930 WatcherThread "VM Periodic Task Thread"        [id=5400, stack(0x000000c64df00000,0x000000c64e000000) (1024K)]
  0x0000020ad5103520 WorkerThread "GC Thread#0"                     [id=39292, stack(0x000000c64da00000,0x000000c64db00000) (1024K)]
  0x0000020ad51149f0 ConcurrentGCThread "G1 Main Marker"            [id=44664, stack(0x000000c64db00000,0x000000c64dc00000) (1024K)]
  0x0000020ad5115500 WorkerThread "G1 Conc#0"                       [id=49372, stack(0x000000c64dc00000,0x000000c64dd00000) (1024K)]
  0x0000020af43565b0 ConcurrentGCThread "G1 Refine#0"               [id=50260, stack(0x000000c64dd00000,0x000000c64de00000) (1024K)]
  0x0000020af4357130 ConcurrentGCThread "G1 Service"                [id=36308, stack(0x000000c64de00000,0x000000c64df00000) (1024K)]
Total: 7

Threads with active compile tasks:
Total: 0

VM state: not at safepoint (normal execution)

VM Mutex/Monitor currently owned by a thread: None

Heap address: 0x0000000703200000, size: 4046 MB, Compressed Oops mode: Zero based, Oop shift amount: 3

CDS archive(s) not mapped
Compressed class space mapped at: 0x00000000bf000000-0x00000000ff000000, reserved size: 1073741824
Narrow klass base: 0x0000000000000000, Narrow klass shift: 0, Narrow klass range: 0xff000000

GC Precious Log:
 CardTable entry size: 512
 Card Set container configuration: InlinePtr #cards 4 size 8 Array Of Cards #cards 16 size 48 Howl #buckets 8 coarsen threshold 3686 Howl Bitmap #cards 512 size 80 coarsen threshold 460 Card regions per heap region 1 cards per card region 4096
 CPUs: 12 total, 12 available
 Memory: 16176M
 Large Page Support: Disabled
 NUMA Support: Disabled
 Compressed Oops: Enabled (Zero based)
 Heap Region Size: 2M
 Heap Min Capacity: 8M
 Heap Initial Capacity: 254M
 Heap Max Capacity: 4046M
 Pre-touch: Disabled
 Parallel Workers: 10
 Concurrent Workers: 3
 Concurrent Refinement Workers: 10
 Periodic GC: Disabled

Heap:
 garbage-first heap   total reserved 4143104K, committed 260096K, used 0K [0x0000000703200000, 0x0000000800000000)
  region size 2048K, 1 young (2048K), 0 survivors (0K)
 Metaspace       used 1604K, committed 1664K, reserved 1114112K
  class space    used 113K, committed 128K, reserved 1048576K

Heap Regions: E=young(eden), S=young(survivor), O=old, HS=humongous(starts), HC=humongous(continues), CS=collection set, F=free, TAMS=top-at-mark-start, PB=parsable bottom
|   0|0x0000000703200000, 0x0000000703200000, 0x0000000703400000|  0%| F|  |TAMS 0x0000000703200000| PB 0x0000000703200000| Untracked |  0
|   1|0x0000000703400000, 0x0000000703400000, 0x0000000703600000|  0%| F|  |TAMS 0x0000000703400000| PB 0x0000000703400000| Untracked |  0
|   2|0x0000000703600000, 0x0000000703600000, 0x0000000703800000|  0%| F|  |TAMS 0x0000000703600000| PB 0x0000000703600000| Untracked |  0
|   3|0x0000000703800000, 0x0000000703800000, 0x0000000703a00000|  0%| F|  |TAMS 0x0000000703800000| PB 0x0000000703800000| Untracked |  0
|   4|0x0000000703a00000, 0x0000000703a00000, 0x0000000703c00000|  0%| F|  |TAMS 0x0000000703a00000| PB 0x0000000703a00000| Untracked |  0
|   5|0x0000000703c00000, 0x0000000703c00000, 0x0000000703e00000|  0%| F|  |TAMS 0x0000000703c00000| PB 0x0000000703c00000| Untracked |  0
|   6|0x0000000703e00000, 0x0000000703e00000, 0x0000000704000000|  0%| F|  |TAMS 0x0000000703e00000| PB 0x0000000703e00000| Untracked |  0
|   7|0x0000000704000000, 0x0000000704000000, 0x0000000704200000|  0%| F|  |TAMS 0x0000000704000000| PB 0x0000000704000000| Untracked |  0
|   8|0x0000000704200000, 0x0000000704200000, 0x0000000704400000|  0%| F|  |TAMS 0x0000000704200000| PB 0x0000000704200000| Untracked |  0
|   9|0x0000000704400000, 0x0000000704400000, 0x0000000704600000|  0%| F|  |TAMS 0x0000000704400000| PB 0x0000000704400000| Untracked |  0
|  10|0x0000000704600000, 0x0000000704600000, 0x0000000704800000|  0%| F|  |TAMS 0x0000000704600000| PB 0x0000000704600000| Untracked |  0
|  11|0x0000000704800000, 0x0000000704800000, 0x0000000704a00000|  0%| F|  |TAMS 0x0000000704800000| PB 0x0000000704800000| Untracked |  0
|  12|0x0000000704a00000, 0x0000000704a00000, 0x0000000704c00000|  0%| F|  |TAMS 0x0000000704a00000| PB 0x0000000704a00000| Untracked |  0
|  13|0x0000000704c00000, 0x0000000704c00000, 0x0000000704e00000|  0%| F|  |TAMS 0x0000000704c00000| PB 0x0000000704c00000| Untracked |  0
|  14|0x0000000704e00000, 0x0000000704e00000, 0x0000000705000000|  0%| F|  |TAMS 0x0000000704e00000| PB 0x0000000704e00000| Untracked |  0
|  15|0x0000000705000000, 0x0000000705000000, 0x0000000705200000|  0%| F|  |TAMS 0x0000000705000000| PB 0x0000000705000000| Untracked |  0
|  16|0x0000000705200000, 0x0000000705200000, 0x0000000705400000|  0%| F|  |TAMS 0x0000000705200000| PB 0x0000000705200000| Untracked |  0
|  17|0x0000000705400000, 0x0000000705400000, 0x0000000705600000|  0%| F|  |TAMS 0x0000000705400000| PB 0x0000000705400000| Untracked |  0
|  18|0x0000000705600000, 0x0000000705600000, 0x0000000705800000|  0%| F|  |TAMS 0x0000000705600000| PB 0x0000000705600000| Untracked |  0
|  19|0x0000000705800000, 0x0000000705800000, 0x0000000705a00000|  0%| F|  |TAMS 0x0000000705800000| PB 0x0000000705800000| Untracked |  0
|  20|0x0000000705a00000, 0x0000000705a00000, 0x0000000705c00000|  0%| F|  |TAMS 0x0000000705a00000| PB 0x0000000705a00000| Untracked |  0
|  21|0x0000000705c00000, 0x0000000705c00000, 0x0000000705e00000|  0%| F|  |TAMS 0x0000000705c00000| PB 0x0000000705c00000| Untracked |  0
|  22|0x0000000705e00000, 0x0000000705e00000, 0x0000000706000000|  0%| F|  |TAMS 0x0000000705e00000| PB 0x0000000705e00000| Untracked |  0
|  23|0x0000000706000000, 0x0000000706000000, 0x0000000706200000|  0%| F|  |TAMS 0x0000000706000000| PB 0x0000000706000000| Untracked |  0
|  24|0x0000000706200000, 0x0000000706200000, 0x0000000706400000|  0%| F|  |TAMS 0x0000000706200000| PB 0x0000000706200000| Untracked |  0
|  25|0x0000000706400000, 0x0000000706400000, 0x0000000706600000|  0%| F|  |TAMS 0x0000000706400000| PB 0x0000000706400000| Untracked |  0
|  26|0x0000000706600000, 0x0000000706600000, 0x0000000706800000|  0%| F|  |TAMS 0x0000000706600000| PB 0x0000000706600000| Untracked |  0
|  27|0x0000000706800000, 0x0000000706800000, 0x0000000706a00000|  0%| F|  |TAMS 0x0000000706800000| PB 0x0000000706800000| Untracked |  0
|  28|0x0000000706a00000, 0x0000000706a00000, 0x0000000706c00000|  0%| F|  |TAMS 0x0000000706a00000| PB 0x0000000706a00000| Untracked |  0
|  29|0x0000000706c00000, 0x0000000706c00000, 0x0000000706e00000|  0%| F|  |TAMS 0x0000000706c00000| PB 0x0000000706c00000| Untracked |  0
|  30|0x0000000706e00000, 0x0000000706e00000, 0x0000000707000000|  0%| F|  |TAMS 0x0000000706e00000| PB 0x0000000706e00000| Untracked |  0
|  31|0x0000000707000000, 0x0000000707000000, 0x0000000707200000|  0%| F|  |TAMS 0x0000000707000000| PB 0x0000000707000000| Untracked |  0
|  32|0x0000000707200000, 0x0000000707200000, 0x0000000707400000|  0%| F|  |TAMS 0x0000000707200000| PB 0x0000000707200000| Untracked |  0
|  33|0x0000000707400000, 0x0000000707400000, 0x0000000707600000|  0%| F|  |TAMS 0x0000000707400000| PB 0x0000000707400000| Untracked |  0
|  34|0x0000000707600000, 0x0000000707600000, 0x0000000707800000|  0%| F|  |TAMS 0x0000000707600000| PB 0x0000000707600000| Untracked |  0
|  35|0x0000000707800000, 0x0000000707800000, 0x0000000707a00000|  0%| F|  |TAMS 0x0000000707800000| PB 0x0000000707800000| Untracked |  0
|  36|0x0000000707a00000, 0x0000000707a00000, 0x0000000707c00000|  0%| F|  |TAMS 0x0000000707a00000| PB 0x0000000707a00000| Untracked |  0
|  37|0x0000000707c00000, 0x0000000707c00000, 0x0000000707e00000|  0%| F|  |TAMS 0x0000000707c00000| PB 0x0000000707c00000| Untracked |  0
|  38|0x0000000707e00000, 0x0000000707e00000, 0x0000000708000000|  0%| F|  |TAMS 0x0000000707e00000| PB 0x0000000707e00000| Untracked |  0
|  39|0x0000000708000000, 0x0000000708000000, 0x0000000708200000|  0%| F|  |TAMS 0x0000000708000000| PB 0x0000000708000000| Untracked |  0
|  40|0x0000000708200000, 0x0000000708200000, 0x0000000708400000|  0%| F|  |TAMS 0x0000000708200000| PB 0x0000000708200000| Untracked |  0
|  41|0x0000000708400000, 0x0000000708400000, 0x0000000708600000|  0%| F|  |TAMS 0x0000000708400000| PB 0x0000000708400000| Untracked |  0
|  42|0x0000000708600000, 0x0000000708600000, 0x0000000708800000|  0%| F|  |TAMS 0x0000000708600000| PB 0x0000000708600000| Untracked |  0
|  43|0x0000000708800000, 0x0000000708800000, 0x0000000708a00000|  0%| F|  |TAMS 0x0000000708800000| PB 0x0000000708800000| Untracked |  0
|  44|0x0000000708a00000, 0x0000000708a00000, 0x0000000708c00000|  0%| F|  |TAMS 0x0000000708a00000| PB 0x0000000708a00000| Untracked |  0
|  45|0x0000000708c00000, 0x0000000708c00000, 0x0000000708e00000|  0%| F|  |TAMS 0x0000000708c00000| PB 0x0000000708c00000| Untracked |  0
|  46|0x0000000708e00000, 0x0000000708e00000, 0x0000000709000000|  0%| F|  |TAMS 0x0000000708e00000| PB 0x0000000708e00000| Untracked |  0
|  47|0x0000000709000000, 0x0000000709000000, 0x0000000709200000|  0%| F|  |TAMS 0x0000000709000000| PB 0x0000000709000000| Untracked |  0
|  48|0x0000000709200000, 0x0000000709200000, 0x0000000709400000|  0%| F|  |TAMS 0x0000000709200000| PB 0x0000000709200000| Untracked |  0
|  49|0x0000000709400000, 0x0000000709400000, 0x0000000709600000|  0%| F|  |TAMS 0x0000000709400000| PB 0x0000000709400000| Untracked |  0
|  50|0x0000000709600000, 0x0000000709600000, 0x0000000709800000|  0%| F|  |TAMS 0x0000000709600000| PB 0x0000000709600000| Untracked |  0
|  51|0x0000000709800000, 0x0000000709800000, 0x0000000709a00000|  0%| F|  |TAMS 0x0000000709800000| PB 0x0000000709800000| Untracked |  0
|  52|0x0000000709a00000, 0x0000000709a00000, 0x0000000709c00000|  0%| F|  |TAMS 0x0000000709a00000| PB 0x0000000709a00000| Untracked |  0
|  53|0x0000000709c00000, 0x0000000709c00000, 0x0000000709e00000|  0%| F|  |TAMS 0x0000000709c00000| PB 0x0000000709c00000| Untracked |  0
|  54|0x0000000709e00000, 0x0000000709e00000, 0x000000070a000000|  0%| F|  |TAMS 0x0000000709e00000| PB 0x0000000709e00000| Untracked |  0
|  55|0x000000070a000000, 0x000000070a000000, 0x000000070a200000|  0%| F|  |TAMS 0x000000070a000000| PB 0x000000070a000000| Untracked |  0
|  56|0x000000070a200000, 0x000000070a200000, 0x000000070a400000|  0%| F|  |TAMS 0x000000070a200000| PB 0x000000070a200000| Untracked |  0
|  57|0x000000070a400000, 0x000000070a400000, 0x000000070a600000|  0%| F|  |TAMS 0x000000070a400000| PB 0x000000070a400000| Untracked |  0
|  58|0x000000070a600000, 0x000000070a600000, 0x000000070a800000|  0%| F|  |TAMS 0x000000070a600000| PB 0x000000070a600000| Untracked |  0
|  59|0x000000070a800000, 0x000000070a800000, 0x000000070aa00000|  0%| F|  |TAMS 0x000000070a800000| PB 0x000000070a800000| Untracked |  0
|  60|0x000000070aa00000, 0x000000070aa00000, 0x000000070ac00000|  0%| F|  |TAMS 0x000000070aa00000| PB 0x000000070aa00000| Untracked |  0
|  61|0x000000070ac00000, 0x000000070ac00000, 0x000000070ae00000|  0%| F|  |TAMS 0x000000070ac00000| PB 0x000000070ac00000| Untracked |  0
|  62|0x000000070ae00000, 0x000000070ae00000, 0x000000070b000000|  0%| F|  |TAMS 0x000000070ae00000| PB 0x000000070ae00000| Untracked |  0
|  63|0x000000070b000000, 0x000000070b000000, 0x000000070b200000|  0%| F|  |TAMS 0x000000070b000000| PB 0x000000070b000000| Untracked |  0
|  64|0x000000070b200000, 0x000000070b200000, 0x000000070b400000|  0%| F|  |TAMS 0x000000070b200000| PB 0x000000070b200000| Untracked |  0
|  65|0x000000070b400000, 0x000000070b400000, 0x000000070b600000|  0%| F|  |TAMS 0x000000070b400000| PB 0x000000070b400000| Untracked |  0
|  66|0x000000070b600000, 0x000000070b600000, 0x000000070b800000|  0%| F|  |TAMS 0x000000070b600000| PB 0x000000070b600000| Untracked |  0
|  67|0x000000070b800000, 0x000000070b800000, 0x000000070ba00000|  0%| F|  |TAMS 0x000000070b800000| PB 0x000000070b800000| Untracked |  0
|  68|0x000000070ba00000, 0x000000070ba00000, 0x000000070bc00000|  0%| F|  |TAMS 0x000000070ba00000| PB 0x000000070ba00000| Untracked |  0
|  69|0x000000070bc00000, 0x000000070bc00000, 0x000000070be00000|  0%| F|  |TAMS 0x000000070bc00000| PB 0x000000070bc00000| Untracked |  0
|  70|0x000000070be00000, 0x000000070be00000, 0x000000070c000000|  0%| F|  |TAMS 0x000000070be00000| PB 0x000000070be00000| Untracked |  0
|  71|0x000000070c000000, 0x000000070c000000, 0x000000070c200000|  0%| F|  |TAMS 0x000000070c000000| PB 0x000000070c000000| Untracked |  0
|  72|0x000000070c200000, 0x000000070c200000, 0x000000070c400000|  0%| F|  |TAMS 0x000000070c200000| PB 0x000000070c200000| Untracked |  0
|  73|0x000000070c400000, 0x000000070c400000, 0x000000070c600000|  0%| F|  |TAMS 0x000000070c400000| PB 0x000000070c400000| Untracked |  0
|  74|0x000000070c600000, 0x000000070c600000, 0x000000070c800000|  0%| F|  |TAMS 0x000000070c600000| PB 0x000000070c600000| Untracked |  0
|  75|0x000000070c800000, 0x000000070c800000, 0x000000070ca00000|  0%| F|  |TAMS 0x000000070c800000| PB 0x000000070c800000| Untracked |  0
|  76|0x000000070ca00000, 0x000000070ca00000, 0x000000070cc00000|  0%| F|  |TAMS 0x000000070ca00000| PB 0x000000070ca00000| Untracked |  0
|  77|0x000000070cc00000, 0x000000070cc00000, 0x000000070ce00000|  0%| F|  |TAMS 0x000000070cc00000| PB 0x000000070cc00000| Untracked |  0
|  78|0x000000070ce00000, 0x000000070ce00000, 0x000000070d000000|  0%| F|  |TAMS 0x000000070ce00000| PB 0x000000070ce00000| Untracked |  0
|  79|0x000000070d000000, 0x000000070d000000, 0x000000070d200000|  0%| F|  |TAMS 0x000000070d000000| PB 0x000000070d000000| Untracked |  0
|  80|0x000000070d200000, 0x000000070d200000, 0x000000070d400000|  0%| F|  |TAMS 0x000000070d200000| PB 0x000000070d200000| Untracked |  0
|  81|0x000000070d400000, 0x000000070d400000, 0x000000070d600000|  0%| F|  |TAMS 0x000000070d400000| PB 0x000000070d400000| Untracked |  0
|  82|0x000000070d600000, 0x000000070d600000, 0x000000070d800000|  0%| F|  |TAMS 0x000000070d600000| PB 0x000000070d600000| Untracked |  0
|  83|0x000000070d800000, 0x000000070d800000, 0x000000070da00000|  0%| F|  |TAMS 0x000000070d800000| PB 0x000000070d800000| Untracked |  0
|  84|0x000000070da00000, 0x000000070da00000, 0x000000070dc00000|  0%| F|  |TAMS 0x000000070da00000| PB 0x000000070da00000| Untracked |  0
|  85|0x000000070dc00000, 0x000000070dc00000, 0x000000070de00000|  0%| F|  |TAMS 0x000000070dc00000| PB 0x000000070dc00000| Untracked |  0
|  86|0x000000070de00000, 0x000000070de00000, 0x000000070e000000|  0%| F|  |TAMS 0x000000070de00000| PB 0x000000070de00000| Untracked |  0
|  87|0x000000070e000000, 0x000000070e000000, 0x000000070e200000|  0%| F|  |TAMS 0x000000070e000000| PB 0x000000070e000000| Untracked |  0
|  88|0x000000070e200000, 0x000000070e200000, 0x000000070e400000|  0%| F|  |TAMS 0x000000070e200000| PB 0x000000070e200000| Untracked |  0
|  89|0x000000070e400000, 0x000000070e400000, 0x000000070e600000|  0%| F|  |TAMS 0x000000070e400000| PB 0x000000070e400000| Untracked |  0
|  90|0x000000070e600000, 0x000000070e600000, 0x000000070e800000|  0%| F|  |TAMS 0x000000070e600000| PB 0x000000070e600000| Untracked |  0
|  91|0x000000070e800000, 0x000000070e800000, 0x000000070ea00000|  0%| F|  |TAMS 0x000000070e800000| PB 0x000000070e800000| Untracked |  0
|  92|0x000000070ea00000, 0x000000070ea00000, 0x000000070ec00000|  0%| F|  |TAMS 0x000000070ea00000| PB 0x000000070ea00000| Untracked |  0
|  93|0x000000070ec00000, 0x000000070ec00000, 0x000000070ee00000|  0%| F|  |TAMS 0x000000070ec00000| PB 0x000000070ec00000| Untracked |  0
|  94|0x000000070ee00000, 0x000000070ee00000, 0x000000070f000000|  0%| F|  |TAMS 0x000000070ee00000| PB 0x000000070ee00000| Untracked |  0
|  95|0x000000070f000000, 0x000000070f000000, 0x000000070f200000|  0%| F|  |TAMS 0x000000070f000000| PB 0x000000070f000000| Untracked |  0
|  96|0x000000070f200000, 0x000000070f200000, 0x000000070f400000|  0%| F|  |TAMS 0x000000070f200000| PB 0x000000070f200000| Untracked |  0
|  97|0x000000070f400000, 0x000000070f400000, 0x000000070f600000|  0%| F|  |TAMS 0x000000070f400000| PB 0x000000070f400000| Untracked |  0
|  98|0x000000070f600000, 0x000000070f600000, 0x000000070f800000|  0%| F|  |TAMS 0x000000070f600000| PB 0x000000070f600000| Untracked |  0
|  99|0x000000070f800000, 0x000000070f800000, 0x000000070fa00000|  0%| F|  |TAMS 0x000000070f800000| PB 0x000000070f800000| Untracked |  0
| 100|0x000000070fa00000, 0x000000070fa00000, 0x000000070fc00000|  0%| F|  |TAMS 0x000000070fa00000| PB 0x000000070fa00000| Untracked |  0
| 101|0x000000070fc00000, 0x000000070fc00000, 0x000000070fe00000|  0%| F|  |TAMS 0x000000070fc00000| PB 0x000000070fc00000| Untracked |  0
| 102|0x000000070fe00000, 0x000000070fe00000, 0x0000000710000000|  0%| F|  |TAMS 0x000000070fe00000| PB 0x000000070fe00000| Untracked |  0
| 103|0x0000000710000000, 0x0000000710000000, 0x0000000710200000|  0%| F|  |TAMS 0x0000000710000000| PB 0x0000000710000000| Untracked |  0
| 104|0x0000000710200000, 0x0000000710200000, 0x0000000710400000|  0%| F|  |TAMS 0x0000000710200000| PB 0x0000000710200000| Untracked |  0
| 105|0x0000000710400000, 0x0000000710400000, 0x0000000710600000|  0%| F|  |TAMS 0x0000000710400000| PB 0x0000000710400000| Untracked |  0
| 106|0x0000000710600000, 0x0000000710600000, 0x0000000710800000|  0%| F|  |TAMS 0x0000000710600000| PB 0x0000000710600000| Untracked |  0
| 107|0x0000000710800000, 0x0000000710800000, 0x0000000710a00000|  0%| F|  |TAMS 0x0000000710800000| PB 0x0000000710800000| Untracked |  0
| 108|0x0000000710a00000, 0x0000000710a00000, 0x0000000710c00000|  0%| F|  |TAMS 0x0000000710a00000| PB 0x0000000710a00000| Untracked |  0
| 109|0x0000000710c00000, 0x0000000710c00000, 0x0000000710e00000|  0%| F|  |TAMS 0x0000000710c00000| PB 0x0000000710c00000| Untracked |  0
| 110|0x0000000710e00000, 0x0000000710e00000, 0x0000000711000000|  0%| F|  |TAMS 0x0000000710e00000| PB 0x0000000710e00000| Untracked |  0
| 111|0x0000000711000000, 0x0000000711000000, 0x0000000711200000|  0%| F|  |TAMS 0x0000000711000000| PB 0x0000000711000000| Untracked |  0
| 112|0x0000000711200000, 0x0000000711200000, 0x0000000711400000|  0%| F|  |TAMS 0x0000000711200000| PB 0x0000000711200000| Untracked |  0
| 113|0x0000000711400000, 0x0000000711400000, 0x0000000711600000|  0%| F|  |TAMS 0x0000000711400000| PB 0x0000000711400000| Untracked |  0
| 114|0x0000000711600000, 0x0000000711600000, 0x0000000711800000|  0%| F|  |TAMS 0x0000000711600000| PB 0x0000000711600000| Untracked |  0
| 115|0x0000000711800000, 0x0000000711800000, 0x0000000711a00000|  0%| F|  |TAMS 0x0000000711800000| PB 0x0000000711800000| Untracked |  0
| 116|0x0000000711a00000, 0x0000000711a00000, 0x0000000711c00000|  0%| F|  |TAMS 0x0000000711a00000| PB 0x0000000711a00000| Untracked |  0
| 117|0x0000000711c00000, 0x0000000711c00000, 0x0000000711e00000|  0%| F|  |TAMS 0x0000000711c00000| PB 0x0000000711c00000| Untracked |  0
| 118|0x0000000711e00000, 0x0000000711e00000, 0x0000000712000000|  0%| F|  |TAMS 0x0000000711e00000| PB 0x0000000711e00000| Untracked |  0
| 119|0x0000000712000000, 0x0000000712000000, 0x0000000712200000|  0%| F|  |TAMS 0x0000000712000000| PB 0x0000000712000000| Untracked |  0
| 120|0x0000000712200000, 0x0000000712200000, 0x0000000712400000|  0%| F|  |TAMS 0x0000000712200000| PB 0x0000000712200000| Untracked |  0
| 121|0x0000000712400000, 0x0000000712400000, 0x0000000712600000|  0%| F|  |TAMS 0x0000000712400000| PB 0x0000000712400000| Untracked |  0
| 122|0x0000000712600000, 0x0000000712600000, 0x0000000712800000|  0%| F|  |TAMS 0x0000000712600000| PB 0x0000000712600000| Untracked |  0
| 123|0x0000000712800000, 0x0000000712800000, 0x0000000712a00000|  0%| F|  |TAMS 0x0000000712800000| PB 0x0000000712800000| Untracked |  0
| 124|0x0000000712a00000, 0x0000000712a00000, 0x0000000712c00000|  0%| F|  |TAMS 0x0000000712a00000| PB 0x0000000712a00000| Untracked |  0
| 125|0x0000000712c00000, 0x0000000712c00000, 0x0000000712e00000|  0%| F|  |TAMS 0x0000000712c00000| PB 0x0000000712c00000| Untracked |  0
| 126|0x0000000712e00000, 0x0000000712e7ae80, 0x0000000713000000| 24%| E|  |TAMS 0x0000000712e00000| PB 0x0000000712e00000| Complete |  0

Card table byte_map: [0x0000020aed130000,0x0000020aed920000] _byte_map_base: 0x0000020ae9917000

Marking Bits: (CMBitMap*) 0x0000020ad5104440
 Bits: [0x0000020aed920000, 0x0000020af1858000)

Polling page: 0x0000020ad3090000

Metaspace:

Usage:
  Non-class:      1.46 MB used.
      Class:    113.38 KB used.
       Both:      1.57 MB used.

Virtual space:
  Non-class space:       64.00 MB reserved,       1.50 MB (  2%) committed,  1 nodes.
      Class space:        1.00 GB reserved,     128.00 KB ( <1%) committed,  1 nodes.
             Both:        1.06 GB reserved,       1.62 MB ( <1%) committed. 

Chunk freelists:
   Non-Class:  12.00 MB
       Class:  15.75 MB
        Both:  27.75 MB

MaxMetaspaceSize: unlimited
CompressedClassSpaceSize: 1.00 GB
Initial GC threshold: 21.00 MB
Current GC threshold: 17179869184.00 GB
CDS: off
 - commit_granule_bytes: 65536.
 - commit_granule_words: 8192.
 - virtual_space_node_default_size: 8388608.
 - enlarge_chunks_in_place: 1.
 - use_allocation_guard: 0.


Internal statistics:

num_allocs_failed_limit: 0.
num_arena_births: 2.
num_arena_deaths: 0.
num_vsnodes_births: 2.
num_vsnodes_deaths: 0.
num_space_committed: 26.
num_space_uncommitted: 0.
num_chunks_returned_to_freelist: 0.
num_chunks_taken_from_freelist: 3.
num_chunk_merges: 0.
num_chunk_splits: 2.
num_chunks_enlarged: 0.
num_inconsistent_stats: 0.

CodeHeap 'non-profiled nmethods': size=120000Kb used=0Kb max_used=0Kb free=120000Kb
 bounds [0x0000020ae4ec0000, 0x0000020ae5130000, 0x0000020aec3f0000]
CodeHeap 'profiled nmethods': size=120000Kb used=0Kb max_used=0Kb free=120000Kb
 bounds [0x0000020add3f0000, 0x0000020add660000, 0x0000020ae4920000]
CodeHeap 'non-nmethods': size=5760Kb used=345Kb max_used=345Kb free=5414Kb
 bounds [0x0000020ae4920000, 0x0000020ae4b90000, 0x0000020ae4ec0000]
 total_blobs=106 nmethods=0 adapters=76
 compilation: enabled
              stopped_count=0, restarted_count=0
 full_count=0

Compilation events (0 events):
No events

GC Heap History (0 events):
No events

Dll operation events (1 events):
Event: 1.810 Loaded shared library C:\Program Files\Java\jdk-22\bin\java.dll

Deoptimization events (0 events):
No events

Classes loaded (20 events):
Event: 3.590 Loading class jdk/internal/vm/vector/VectorSupport$Vector
Event: 3.590 Loading class jdk/internal/vm/vector/VectorSupport$Vector done
Event: 3.590 Loading class jdk/internal/vm/vector/VectorSupport$VectorMask
Event: 3.590 Loading class jdk/internal/vm/vector/VectorSupport$VectorMask done
Event: 3.590 Loading class jdk/internal/vm/vector/VectorSupport$VectorShuffle
Event: 3.590 Loading class jdk/internal/vm/vector/VectorSupport$VectorShuffle done
Event: 3.590 Loading class jdk/internal/vm/FillerObject
Event: 3.590 Loading class jdk/internal/vm/FillerObject done
Event: 3.592 Loading class java/lang/NullPointerException
Event: 3.592 Loading class java/lang/NullPointerException done
Event: 3.592 Loading class java/lang/ArithmeticException
Event: 3.592 Loading class java/lang/ArithmeticException done
Event: 3.614 Loading class java/io/ObjectStreamField
Event: 3.614 Loading class java/io/ObjectStreamField done
Event: 3.614 Loading class java/lang/String$CaseInsensitiveComparator
Event: 3.614 Loading class java/util/Comparator
Event: 3.614 Loading class java/util/Comparator done
Event: 3.614 Loading class java/lang/String$CaseInsensitiveComparator done
Event: 3.614 Loading class jdk/internal/misc/VM
Event: 3.615 Loading class jdk/internal/misc/VM done

Classes unloaded (0 events):
No events

Classes redefined (0 events):
No events

Internal exceptions (0 events):
No events

ZGC Phase Switch (0 events):
No events

VM Operations (0 events):
No events

Memory protections (0 events):
No events

Nmethod flushes (0 events):
No events

Events (1 events):
Event: 3.569 Thread 0x0000020ad2da0ea0 Thread added: 0x0000020ad2da0ea0


Dynamic libraries:
0x00007ff64ba80000 - 0x00007ff64ba90000 	C:\Program Files\Java\jdk-22\bin\java.exe
0x00007ff94f390000 - 0x00007ff94f5a7000 	C:\Windows\SYSTEM32\ntdll.dll
0x00007ff94d760000 - 0x00007ff94d824000 	C:\Windows\System32\KERNEL32.DLL
0x00007ff94cc80000 - 0x00007ff94d039000 	C:\Windows\System32\KERNELBASE.dll
0x00007ff94cac0000 - 0x00007ff94cbd1000 	C:\Windows\System32\ucrtbase.dll
0x00007ff945390000 - 0x00007ff9453ab000 	C:\Program Files\Java\jdk-22\bin\VCRUNTIME140.dll
0x00007ff9488d0000 - 0x00007ff9488e7000 	C:\Program Files\Java\jdk-22\bin\jli.dll
0x00007ff94d230000 - 0x00007ff94d3de000 	C:\Windows\System32\USER32.dll
0x00007ff94c880000 - 0x00007ff94c8a6000 	C:\Windows\System32\win32u.dll
0x00007ff94eb10000 - 0x00007ff94eb39000 	C:\Windows\System32\GDI32.dll
0x00007ff94c8b0000 - 0x00007ff94c9cb000 	C:\Windows\System32\gdi32full.dll
0x00007ff94cbe0000 - 0x00007ff94cc7a000 	C:\Windows\System32\msvcp_win.dll
0x00007ff937430000 - 0x00007ff9376c2000 	C:\Windows\WinSxS\amd64_microsoft.windows.common-controls_6595b64144ccf1df_6.0.22621.4391_none_2715d37f73803e96\COMCTL32.dll
0x00007ff94d6a0000 - 0x00007ff94d747000 	C:\Windows\System32\msvcrt.dll
0x00007ff94d650000 - 0x00007ff94d681000 	C:\Windows\System32\IMM32.DLL
0x00007ff947d40000 - 0x00007ff947d4c000 	C:\Program Files\Java\jdk-22\bin\vcruntime140_1.dll
0x00007ff927180000 - 0x00007ff92720e000 	C:\Program Files\Java\jdk-22\bin\msvcp140.dll
0x00007ff8bb2a0000 - 0x00007ff8bbfe9000 	C:\Program Files\Java\jdk-22\bin\server\jvm.dll
0x00007ff94d890000 - 0x00007ff94d942000 	C:\Windows\System32\ADVAPI32.dll
0x00007ff94e1d0000 - 0x00007ff94e277000 	C:\Windows\System32\sechost.dll
0x00007ff94ca90000 - 0x00007ff94cab8000 	C:\Windows\System32\bcrypt.dll
0x00007ff94d110000 - 0x00007ff94d224000 	C:\Windows\System32\RPCRT4.dll
0x00007ff94eb40000 - 0x00007ff94ebb1000 	C:\Windows\System32\WS2_32.dll
0x00007ff94b520000 - 0x00007ff94b56d000 	C:\Windows\SYSTEM32\POWRPROF.dll
0x00007ff940e70000 - 0x00007ff940ea4000 	C:\Windows\SYSTEM32\WINMM.dll
0x00007ff948e00000 - 0x00007ff948e0a000 	C:\Windows\SYSTEM32\VERSION.dll
0x00007ff94b500000 - 0x00007ff94b513000 	C:\Windows\SYSTEM32\UMPDC.dll
0x00007ff94b7c0000 - 0x00007ff94b7d8000 	C:\Windows\SYSTEM32\kernel.appcore.dll
0x00007ff92bfa0000 - 0x00007ff92bfaa000 	C:\Program Files\Java\jdk-22\bin\jimage.dll
0x00007ff93fee0000 - 0x00007ff940112000 	C:\Windows\SYSTEM32\DBGHELP.DLL
0x00007ff94e780000 - 0x00007ff94eb0f000 	C:\Windows\System32\combase.dll
0x00007ff94d540000 - 0x00007ff94d617000 	C:\Windows\System32\OLEAUT32.dll
0x00007ff926820000 - 0x00007ff926852000 	C:\Windows\SYSTEM32\dbgcore.DLL
0x00007ff94c800000 - 0x00007ff94c87b000 	C:\Windows\System32\bcryptPrimitives.dll
0x00007ff8fc2b0000 - 0x00007ff8fc2ce000 	C:\Program Files\Java\jdk-22\bin\java.dll
0x00007ff94d950000 - 0x00007ff94e1c6000 	C:\Windows\System32\SHELL32.dll
0x00007ff94ebc0000 - 0x00007ff94ed65000 	C:\Windows\System32\ole32.dll

dbghelp: loaded successfully - version: 4.0.5 - missing functions: none
symbol engine: initialized successfully - sym options: 0x614 - pdb path: .;C:\Program Files\Java\jdk-22\bin;C:\Windows\SYSTEM32;C:\Windows\WinSxS\amd64_microsoft.windows.common-controls_6595b64144ccf1df_6.0.22621.4391_none_2715d37f73803e96;C:\Program Files\Java\jdk-22\bin\server

VM Arguments:
java_command: calculadoraMP.calcularProteinas 3 127 C:\Users\Ismael\Desktop\DAM\2º\servicios y procesos\aev2\calculadoraProteinas\.\docs\20241207_012931_847\MP
java_class_path (initial): C:\Users\Ismael\Desktop\DAM\2º\servicios y procesos\aev2\calculadoraProteinas\bin
Launcher Type: SUN_STANDARD

[Global flags]
     intx CICompilerCount                          = 4                                         {product} {ergonomic}
     uint ConcGCThreads                            = 3                                         {product} {ergonomic}
     uint G1ConcRefinementThreads                  = 10                                        {product} {ergonomic}
   size_t G1HeapRegionSize                         = 2097152                                   {product} {ergonomic}
   size_t InitialHeapSize                          = 266338304                                 {product} {ergonomic}
   size_t MarkStackSize                            = 4194304                                   {product} {ergonomic}
   size_t MaxHeapSize                              = 4242538496                                {product} {ergonomic}
   size_t MaxNewSize                               = 2543845376                                {product} {ergonomic}
   size_t MinHeapDeltaBytes                        = 2097152                                   {product} {ergonomic}
   size_t MinHeapSize                              = 8388608                                   {product} {ergonomic}
    uintx NonNMethodCodeHeapSize                   = 5839372                                {pd product} {ergonomic}
    uintx NonProfiledCodeHeapSize                  = 122909434                              {pd product} {ergonomic}
    uintx ProfiledCodeHeapSize                     = 122909434                              {pd product} {ergonomic}
    uintx ReservedCodeCacheSize                    = 251658240                              {pd product} {ergonomic}
     bool SegmentedCodeCache                       = true                                      {product} {ergonomic}
   size_t SoftMaxHeapSize                          = 4242538496                             {manageable} {ergonomic}
     bool UseCompressedOops                        = true                           {product lp64_product} {ergonomic}
     bool UseG1GC                                  = true                                      {product} {ergonomic}
     bool UseLargePagesIndividualAllocation        = false                                  {pd product} {ergonomic}

Logging:
Log output configuration:
 #0: stdout all=warning uptime,level,tags foldmultilines=false
 #1: stderr all=off uptime,level,tags foldmultilines=false

Environment Variables:
PATH=C:/Program Files/Java/jdk-22/bin/server;C:/Program Files/Java/jdk-22/bin;C:\Program Files\Common Files\Oracle\Java\javapath;C:\app\Ismael\product\21c\dbhomeXE\bin;C:\Program Files (x86)\NVIDIA Corporation\PhysX\Common;C:\Windows\system32;C:\Windows;C:\Windows\System32\Wbem;C:\Windows\System32\WindowsPowerShell\v1.0\;C:\Windows\System32\OpenSSH\;C:\Program Files\Git\cmd;C:\Program Files\nodejs\;C:\Program Files\Microsoft SQL Server\150\Tools\Binn\;C:\Program Files\dotnet\;C:\Program Files\PuTTY\;C:\Users\Ismael\AppData\Local\Microsoft\WindowsApps;;C:\Users\Ismael\AppData\Local\Programs\Microsoft VS Code\bin;C:\Users\Ismael\AppData\Roaming\npm;C:\Users\Ismael\.dotnet\tools;C:\Windows\system32;
USERNAME=Ismael
OS=Windows_NT
PROCESSOR_IDENTIFIER=AMD64 Family 25 Model 80 Stepping 0, AuthenticAMD
TMP=C:\Users\Ismael\AppData\Local\Temp
TEMP=C:\Users\Ismael\AppData\Local\Temp




Periodic native trim disabled

---------------  S Y S T E M  ---------------

OS:
 Windows 11 , 64 bit Build 22621 (10.0.22621.4391)
OS uptime: 14 days 22:31 hours

CPU: total 12 (initial active 12) (12 cores per cpu, 2 threads per core) family 25 model 80 stepping 0 microcode 0x0, cx8, cmov, fxsr, ht, mmx, 3dnowpref, sse, sse2, sse3, ssse3, sse4a, sse4.1, sse4.2, popcnt, lzcnt, tsc, tscinvbit, avx, avx2, aes, erms, clmul, bmi1, bmi2, adx, sha, fma, vzeroupper, clflush, clflushopt, rdtscp, rdpid, fsrm, f16c, pku, cet_ss
Processor Information for all 12 processors :
  Max Mhz: 3600, Current Mhz: 3600, Mhz Limit: 3600

Memory: 4k page, system-wide physical 16176M (2792M free)
TotalPageFile size 63355M (AvailPageFile size 13180M)
current process WorkingSet (physical memory assigned to process): 18M, peak: 24M
current process commit charge ("private bytes"): 328M, peak: 337M

vm_info: Java HotSpot(TM) 64-Bit Server VM (22.0.2+9-70) for windows-amd64 JRE (22.0.2+9-70), built on 2024-06-04T16:52:23Z by "mach5one" with MS VC++ 17.6 (VS2022)

END.
