#
# There is insufficient memory for the Java Runtime Environment to continue.
# Native memory allocation (malloc) failed to allocate 32744 bytes. Error detail: Chunk::new
# Possible reasons:
#   The system is out of physical RAM or swap space
#   This process is running with CompressedOops enabled, and the Java Heap may be blocking the growth of the native heap
# Possible solutions:
#   Reduce memory load on the system
#   Increase physical memory or swap space
#   Check if swap backing store is full
#   Decrease Java heap size (-Xmx/-Xms)
#   Decrease number of Java threads
#   Decrease Java thread stack sizes (-Xss)
#   Set larger code cache with -XX:ReservedCodeCacheSize=
#   JVM is running with Zero Based Compressed Oops mode in which the Java heap is
#     placed in the first 32GB address space. The Java Heap base address is the
#     maximum limit for the native heap growth. Please use -XX:HeapBaseMinAddress
#     to set the Java Heap base and to place the Java Heap above 32GB virtual address.
# This output file may be truncated or incomplete.
#
#  Out of Memory Error (arena.cpp:150), pid=23340, tid=49588
#
# JRE version: Java(TM) SE Runtime Environment (22.0.2+9) (build 22.0.2+9-70)
# Java VM: Java HotSpot(TM) 64-Bit Server VM (22.0.2+9-70, mixed mode, sharing, tiered, compressed oops, compressed class ptrs, g1 gc, windows-amd64)
# No core dump will be written. Minidumps are not enabled by default on client versions of Windows
#

---------------  S U M M A R Y ------------

Command Line: calculadoraMP.calcularProteinas 1 82 C:\Users\Ismael\Desktop\DAM\2º\servicios y procesos\aev2\calculadoraProteinas\.\docs\20241207_012931_847\MP

Host: AMD Ryzen 5 5500                               , 12 cores, 15G,  Windows 11 , 64 bit Build 22621 (10.0.22621.4391)
Time: Sat Dec  7 01:29:45 2024 Hora estándar romance elapsed time: 6.311806 seconds (0d 0h 0m 6s)

---------------  T H R E A D  ---------------

Current thread (0x00000272db559aa0):  JavaThread "C2 CompilerThread0" daemon [_thread_in_vm, id=49588, stack(0x000000a46ca00000,0x000000a46cb00000) (1024K)]

Stack: [0x000000a46ca00000,0x000000a46cb00000]
Native frames: (J=compiled Java code, j=interpreted, Vv=VM code, C=native code)
