#
# A fatal error has been detected by the Java Runtime Environment:
#
#  EXCEPTION_ACCESS_VIOLATION (0xc0000005) at pc=0x00007ff8bb6834a3, pid=4852, tid=45744
#
# JRE version:  (22.0.2+9) (build )
# Java VM: Java HotSpot(TM) 64-Bit Server VM (22.0.2+9-70, mixed mode, sharing, tiered, compressed oops, compressed class ptrs, g1 gc, windows-amd64)
# Problematic frame:
# V  [jvm.dll+0x3e34a3]
#
# No core dump will be written. Minidumps are not enabled by default on client versions of Windows
#
#

---------------  S U M M A R Y ------------

Command Line: calculadoraMP.calcularProteinas 3 82 C:\Users\Ismael\Desktop\DAM\2º\servicios y procesos\aev2\calculadoraProteinas\.\docs\20241207_012931_847\MP

Host: AMD Ryzen 5 5500                               , 12 cores, 15G,  Windows 11 , 64 bit Build 22621 (10.0.22621.4391)
Time: Sat Dec  7 01:29:46 2024 Hora estándar romance elapsed time: 6.910135 seconds (0d 0h 0m 6s)

---------------  T H R E A D  ---------------

Current thread (0x000001d4b2fd1110):  JavaThread "Unknown thread" [_thread_in_vm, id=45744, stack(0x0000007911700000,0x0000007911800000) (1024K)]

Stack: [0x0000007911700000,0x0000007911800000],  sp=0x00000079117fed60,  free space=1019k
Native frames: (J=compiled Java code, j=interpreted, Vv=VM code, C=native code)
