#
# There is insufficient memory for the Java Runtime Environment to continue.
# Native memory allocation (mmap) failed to map 65536 bytes. Error detail: Failed to commit metaspace.
# Possible reasons:
#   The system is out of physical RAM or swap space
#   This process is running with CompressedOops enabled, and the Java Heap may be blocking the growth of the native heap
# Possible solutions:
#   Reduce memory load on the system
#   Increase physical memory or swap space
#   Check if swap backing store is full
#   Decrease Java heap size (-Xmx/-Xms)
#   Decrease number of Java threads
#   Decrease Java thread stack sizes (-Xss)
#   Set larger code cache with -XX:ReservedCodeCacheSize=
#   JVM is running with Zero Based Compressed Oops mode in which the Java heap is
#     placed in the first 32GB address space. The Java Heap base address is the
#     maximum limit for the native heap growth. Please use -XX:HeapBaseMinAddress
#     to set the Java Heap base and to place the Java Heap above 32GB virtual address.
# This output file may be truncated or incomplete.
#
#  Out of Memory Error (virtualSpaceNode.cpp:112), pid=18412, tid=45712
#
# JRE version: Java(TM) SE Runtime Environment (22.0.2+9) (build 22.0.2+9-70)
# Java VM: Java HotSpot(TM) 64-Bit Server VM (22.0.2+9-70, mixed mode, sharing, tiered, compressed oops, compressed class ptrs, g1 gc, windows-amd64)
# No core dump will be written. Minidumps are not enabled by default on client versions of Windows
#

---------------  S U M M A R Y ------------

Command Line: calculadoraMP.calcularProteinas 2 122 C:\Users\Ismael\Desktop\DAM\2º\servicios y procesos\aev2\calculadoraProteinas\.\docs\20241207_012931_847\MP

Host: AMD Ryzen 5 5500                               , 12 cores, 15G,  Windows 11 , 64 bit Build 22621 (10.0.22621.4391)
Time: Sat Dec  7 01:29:46 2024 Hora estándar romance elapsed time: 6.939042 seconds (0d 0h 0m 6s)

---------------  T H R E A D  ---------------

Current thread (0x0000028e8a4efeb0):  JavaThread "main"             [_thread_in_vm, id=45712, stack(0x000000ed40c00000,0x000000ed40d00000) (1024K)]

Stack: [0x000000ed40c00000,0x000000ed40d00000]
Native frames: (J=compiled Java code, j=interpreted, Vv=VM code, C=native code)
V  [jvm.dll+0x6e26e9]  (no source info available)
V  [jvm.dll+0x875753]  (no source info available)
V  [jvm.dll+0x877b7e]  (no source info available)
V  [jvm.dll+0x878253]  (no source info available)
V  [jvm.dll+0x27fc86]  (no source info available)
V  [jvm.dll+0x87139e]  (no source info available)
V  [jvm.dll+0x685755]  (no source info available)
V  [jvm.dll+0x6857ba]  (no source info available)
V  [jvm.dll+0x687ffa]  (no source info available)
V  [jvm.dll+0x224f6c]  (no source info available)
V  [jvm.dll+0x68616e]  (no source info available)
V  [jvm.dll+0x269dbf]  (no source info available)
V  [jvm.dll+0x6903c4]  (no source info available)
V  [jvm.dll+0x2151c1]  (no source info available)
V  [jvm.dll+0x21564a]  (no source info available)
V  [jvm.dll+0x216071]  (no source info available)
V  [jvm.dll+0x20b3ae]  (no source info available)
V  [jvm.dll+0x5c4a8f]  (no source info available)
V  [jvm.dll+0x21cb2a]  (no source info available)
V  [jvm.dll+0x7ebe8c]  (no source info available)
V  [jvm.dll+0x7ecf26]  (no source info available)
V  [jvm.dll+0x7ed750]  (no source info available)
V  [jvm.dll+0x21646c]  (no source info available)
V  [jvm.dll+0x20b3c7]  (no source info available)
V  [jvm.dll+0x5c4a8f]  (no source info available)
V  [jvm.dll+0x21cb2a]  (no source info available)
V  [jvm.dll+0x7ebe8c]  (no source info available)
V  [jvm.dll+0x7ecf26]  (no source info available)
V  [jvm.dll+0x7ed534]  (no source info available)
V  [jvm.dll+0x7ed1b8]  (no source info available)
V  [jvm.dll+0x26d6ab]  (no source info available)
V  [jvm.dll+0x3db97a]  (no source info available)
C  0x0000028e9bf6ec01  (no source info available)

The last pc belongs to ldc (printed below).
Java frames: (J=compiled Java code, j=interpreted, Vv=VM code)
j  sun.util.resources.LocaleData$LocaleDataStrategy.getResourceBundleProviderType(Ljava/lang/String;Ljava/util/Locale;)Ljava/lang/Class;+13 java.base@22.0.2
j  sun.util.resources.Bundles.loadBundleOf(Ljava/lang/String;Ljava/util/Locale;Lsun/util/resources/Bundles$Strategy;)Ljava/util/ResourceBundle;+71 java.base@22.0.2
j  sun.util.resources.Bundles.of(Ljava/lang/String;Ljava/util/Locale;Lsun/util/resources/Bundles$Strategy;)Ljava/util/ResourceBundle;+3 java.base@22.0.2
j  sun.util.resources.LocaleData$1.run()Ljava/util/ResourceBundle;+11 java.base@22.0.2
j  sun.util.resources.LocaleData$1.run()Ljava/lang/Object;+1 java.base@22.0.2
j  java.security.AccessController.executePrivileged(Ljava/security/PrivilegedAction;Ljava/security/AccessControlContext;Ljava/lang/Class;)Ljava/lang/Object;+29 java.base@22.0.2
j  java.security.AccessController.doPrivileged(Ljava/security/PrivilegedAction;)Ljava/lang/Object;+5 java.base@22.0.2
j  sun.util.resources.LocaleData.getBundle(Ljava/lang/String;Ljava/util/Locale;)Ljava/util/ResourceBundle;+9 java.base@22.0.2
j  sun.util.resources.LocaleData.getNumberFormatData(Ljava/util/Locale;)Ljava/util/ResourceBundle;+26 java.base@22.0.2
j  sun.util.locale.provider.LocaleResources.getDecimalFormatSymbolsData()[Ljava/lang/Object;+43 java.base@22.0.2
j  java.text.DecimalFormatSymbols.initialize(Ljava/util/Locale;)V+46 java.base@22.0.2
j  java.text.DecimalFormatSymbols.<init>(Ljava/util/Locale;)V+11 java.base@22.0.2
j  sun.util.locale.provider.DecimalFormatSymbolsProviderImpl.getInstance(Ljava/util/Locale;)Ljava/text/DecimalFormatSymbols;+17 java.base@22.0.2
j  java.text.DecimalFormatSymbols.getInstance(Ljava/util/Locale;)Ljava/text/DecimalFormatSymbols;+14 java.base@22.0.2
j  java.util.Formatter.getDecimalFormatSymbols(Ljava/util/Locale;)Ljava/text/DecimalFormatSymbols;+22 java.base@22.0.2
j  java.util.Formatter.getZero(Ljava/util/Locale;)C+10 java.base@22.0.2
j  java.util.Formatter$FormatSpecifier.localizedMagnitude(Ljava/util/Formatter;Ljava/lang/StringBuilder;Ljava/lang/CharSequence;IIILjava/util/Locale;)Ljava/lang/StringBuilder;+20 java.base@22.0.2
j  java.util.Formatter$FormatSpecifier.print(Ljava/util/Formatter;Ljava/lang/StringBuilder;DLjava/util/Locale;ICIZ)V+358 java.base@22.0.2
j  java.util.Formatter$FormatSpecifier.print(Ljava/util/Formatter;DLjava/util/Locale;)V+77 java.base@22.0.2
j  java.util.Formatter$FormatSpecifier.print(Ljava/util/Formatter;FLjava/util/Locale;)V+5 java.base@22.0.2
j  java.util.Formatter$FormatSpecifier.printFloat(Ljava/util/Formatter;Ljava/lang/Object;Ljava/util/Locale;)V+32 java.base@22.0.2
j  java.util.Formatter$FormatSpecifier.print(Ljava/util/Formatter;Ljava/lang/Object;Ljava/util/Locale;)V+146 java.base@22.0.2
j  java.util.Formatter.format(Ljava/util/Locale;Ljava/lang/String;[Ljava/lang/Object;)Ljava/util/Formatter;+205 java.base@22.0.2
j  java.util.Formatter.format(Ljava/lang/String;[Ljava/lang/Object;)Ljava/util/Formatter;+7 java.base@22.0.2
j  java.lang.String.format(Ljava/lang/String;[Ljava/lang/Object;)Ljava/lang/String;+9 java.base@22.0.2
j  calculadoraMP.calcularProteinas.Simulate(IILjava/io/File;)D+261
j  calculadoraMP.calcularProteinas.main([Ljava/lang/String;)V+28
v  ~StubRoutines::call_stub 0x0000028e9bf6100d
ldc  18 ldc  [0x0000028e9bf6eb60, 0x0000028e9bf6ee08]  680 bytes
[MachCode]
  0x0000028e9bf6eb60: 4883 ec08 | c5fa 1104 | 24eb 1f48 | 83ec 10c5 | fb11 0424 | eb14 4883 | ec10 4889 | 0424 48c7 
  0x0000028e9bf6eb80: 4424 0800 | 0000 00eb | 0150 410f | b65d 0148 | 8b4d e848 | 8b49 0848 | 8b49 0848 | 8b41 080f 
  0x0000028e9bf6eba0: b654 1804 | 83fa 6474 | 0e83 fa67 | 7409 83fa | 070f 85bd | 0000 00ba | 0000 0000 | e805 0000 
  0x0000028e9bf6ebc0: 00e9 a800 | 0000 488d | 4424 084c | 896d c049 | 8bcf c5f8 | 7749 89af | b003 0000 | 4989 87a0 
  0x0000028e9bf6ebe0: 0300 0048 | 83ec 2040 | f6c4 0f0f | 8419 0000 | 0048 83ec | 0848 b860 | b867 bbf8 | 7f00 00ff 
  0x0000028e9bf6ec00: d048 83c4 | 08e9 0c00 | 0000 48b8 | 60b8 67bb | f87f 0000 | ffd0 4883 | c420 49c7 | 87a0 0300 
  0x0000028e9bf6ec20: 0000 0000 | 0049 c787 | b003 0000 | 0000 0000 | 49c7 87a8 | 0300 0000 | 0000 00c5 | f877 4983 
  0x0000028e9bf6ec40: 7f08 000f | 8405 0000 | 00e9 b222 | ffff 498b | 87f8 0300 | 0049 c787 | f803 0000 | 0000 0000 
  0x0000028e9bf6ec60: 4c8b 6dc0 | 4c8b 75c8 | 4e8d 74f5 | 00c3 50e9 | 7c01 0000 | 83fa 0475 | 14c5 fa10 | 44d9 4848 
  0x0000028e9bf6ec80: 83ec 08c5 | fa11 0424 | e963 0100 | 0083 fa03 | 750a 8b44 | d948 50e9 | 5401 0000 | ba12 0000 
  0x0000028e9bf6eca0: 00e8 0500 | 0000 e9a8 | 0000 0048 | 8d44 2408 | 4c89 6dc0 | 498b cfc5 | f877 4989 | afb0 0300 
  0x0000028e9bf6ecc0: 0049 8987 | a003 0000 | 4883 ec20 | 40f6 c40f | 0f84 1900 | 0000 4883 | ec08 48b8 | 20de 67bb 
  0x0000028e9bf6ece0: f87f 0000 | ffd0 4883 | c408 e90c | 0000 0048 | b820 de67 | bbf8 7f00 | 00ff d048 | 83c4 2049 
  0x0000028e9bf6ed00: c787 a003 | 0000 0000 | 0000 49c7 | 87b0 0300 | 0000 0000 | 0049 c787 | a803 0000 | 0000 0000 
  0x0000028e9bf6ed20: c5f8 7749 | 837f 0800 | 0f84 0500 | 0000 e9cd | 21ff ff49 | 8b87 f803 | 0000 49c7 | 87f8 0300 
  0x0000028e9bf6ed40: 0000 0000 | 004c 8b6d | c04c 8b75 | c84e 8d74 | f500 c349 | 8b8f 0004 | 0000 49c7 | 8700 0400 
  0x0000028e9bf6ed60: 0000 0000 | 008b d981 | e3ff ff00 | 00c1 e91c | 83e1 0f83 | f904 7509 | 8b04 1850 | e96f 0000 
  0x0000028e9bf6ed80: 0083 f906 | 7513 c5fa | 1004 1848 | 83ec 08c5 | fa11 0424 | e957 0000 | 0083 f903 | 750a 0fbf 
  0x0000028e9bf6eda0: 0418 50e9 | 4800 0000 | 83f9 0075 | 0a0f be04 | 1850 e939 | 0000 0083 | f902 750a | 0fb7 0418 
  0x0000028e9bf6edc0: 50e9 2a00 | 0000 83f9 | 0175 0a0f | be04 1850 | e91b 0000 | 0048 b988 | a5d0 bbf8 | 7f00 0048 
  0x0000028e9bf6ede0: 83e4 f048 | b830 998d | bbf8 7f00 | 00ff d0f4 | 410f b65d | 0249 83c5 | 0249 ba30 | 11f2 bbf8 
  0x0000028e9bf6ee00: 7f00 0041 | ff24 da90 
[/MachCode]

---------------  P R O C E S S  ---------------

Threads class SMR info:
_java_thread_list=0x0000028ef12237d0, length=11, elements={
0x0000028e8a4efeb0, 0x0000028eabafae10, 0x0000028eabafc980, 0x0000028eabafd5e0,
0x0000028eabb04060, 0x0000028eabb04ac0, 0x0000028eabb05520, 0x0000028eabb082c0,
0x0000028eabb0c030, 0x0000028ef1044c30, 0x0000028ef1045ea0
}

Java Threads: ( => current thread )
=>0x0000028e8a4efeb0 JavaThread "main"                              [_thread_in_vm, id=45712, stack(0x000000ed40c00000,0x000000ed40d00000) (1024K)]
  0x0000028eabafae10 JavaThread "Reference Handler"          daemon [_thread_blocked, id=48092, stack(0x000000ed41400000,0x000000ed41500000) (1024K)]
  0x0000028eabafc980 JavaThread "Finalizer"                  daemon [_thread_blocked, id=48096, stack(0x000000ed41500000,0x000000ed41600000) (1024K)]
  0x0000028eabafd5e0 JavaThread "Signal Dispatcher"          daemon [_thread_blocked, id=48100, stack(0x000000ed41600000,0x000000ed41700000) (1024K)]
  0x0000028eabb04060 JavaThread "Attach Listener"            daemon [_thread_blocked, id=48104, stack(0x000000ed41700000,0x000000ed41800000) (1024K)]
  0x0000028eabb04ac0 JavaThread "Service Thread"             daemon [_thread_blocked, id=48108, stack(0x000000ed41800000,0x000000ed41900000) (1024K)]
  0x0000028eabb05520 JavaThread "Monitor Deflation Thread"   daemon [_thread_blocked, id=48112, stack(0x000000ed41900000,0x000000ed41a00000) (1024K)]
  0x0000028eabb082c0 JavaThread "C2 CompilerThread0"         daemon [_thread_blocked, id=48120, stack(0x000000ed41a00000,0x000000ed41b00000) (1024K)]
  0x0000028eabb0c030 JavaThread "C1 CompilerThread0"         daemon [_thread_blocked, id=48160, stack(0x000000ed41b00000,0x000000ed41c00000) (1024K)]
  0x0000028ef1044c30 JavaThread "Notification Thread"        daemon [_thread_blocked, id=48564, stack(0x000000ed41c00000,0x000000ed41d00000) (1024K)]
  0x0000028ef1045ea0 JavaThread "Common-Cleaner"             daemon [_thread_blocked, id=48568, stack(0x000000ed41d00000,0x000000ed41e00000) (1024K)]
Total: 11

Other Threads:
  0x0000028eabadfda0 VMThread "VM Thread"                           [id=47964, stack(0x000000ed41300000,0x000000ed41400000) (1024K)] _threads_hazard_ptr=0x0000028ef12237d0
  0x0000028eabac5cf0 WatcherThread "VM Periodic Task Thread"        [id=47932, stack(0x000000ed41200000,0x000000ed41300000) (1024K)]
  0x0000028e8c7427b0 WorkerThread "GC Thread#0"                     [id=47800, stack(0x000000ed40d00000,0x000000ed40e00000) (1024K)]
  0x0000028e8c754080 ConcurrentGCThread "G1 Main Marker"            [id=47804, stack(0x000000ed40e00000,0x000000ed40f00000) (1024K)]
  0x0000028e8c754b90 WorkerThread "G1 Conc#0"                       [id=47808, stack(0x000000ed40f00000,0x000000ed41000000) (1024K)]
  0x0000028eab995db0 ConcurrentGCThread "G1 Refine#0"               [id=47832, stack(0x000000ed41000000,0x000000ed41100000) (1024K)]
  0x0000028eab996930 ConcurrentGCThread "G1 Service"                [id=47836, stack(0x000000ed41100000,0x000000ed41200000) (1024K)]
Total: 7

Threads with active compile tasks:
Total: 0

VM state: synchronizing (normal execution)

VM Mutex/Monitor currently owned by a thread:  ([mutex/lock_event])
[0x00007ff8bbf0ab00] Metaspace_lock - owner thread: 0x0000028e8a4efeb0
[0x00007ff8bbf0cb80] Threads_lock - owner thread: 0x0000028eabadfda0

Heap address: 0x0000000703200000, size: 4046 MB, Compressed Oops mode: Zero based, Oop shift amount: 3

CDS archive(s) mapped at: [0x0000028eac000000-0x0000028eacc60000-0x0000028eacc60000), size 12976128, SharedBaseAddress: 0x0000028eac000000, ArchiveRelocationMode: 1.
Compressed class space mapped at: 0x0000028ead000000-0x0000028eed000000, reserved size: 1073741824
Narrow klass base: 0x0000028eac000000, Narrow klass shift: 0, Narrow klass range: 0x41000000

GC Precious Log:
 CardTable entry size: 512
 Card Set container configuration: InlinePtr #cards 4 size 8 Array Of Cards #cards 16 size 48 Howl #buckets 8 coarsen threshold 3686 Howl Bitmap #cards 512 size 80 coarsen threshold 460 Card regions per heap region 1 cards per card region 4096
 CPUs: 12 total, 12 available
 Memory: 16176M
 Large Page Support: Disabled
 NUMA Support: Disabled
 Compressed Oops: Enabled (Zero based)
 Heap Region Size: 2M
 Heap Min Capacity: 8M
 Heap Initial Capacity: 254M
 Heap Max Capacity: 4046M
 Pre-touch: Disabled
 Parallel Workers: 10
 Concurrent Workers: 3
 Concurrent Refinement Workers: 10
 Periodic GC: Disabled

Heap:
 garbage-first heap   total reserved 4143104K, committed 260096K, used 4096K [0x0000000703200000, 0x0000000800000000)
  region size 2048K, 3 young (6144K), 0 survivors (0K)
 Metaspace       used 758K, committed 896K, reserved 1114112K
  class space    used 62K, committed 128K, reserved 1048576K

Heap Regions: E=young(eden), S=young(survivor), O=old, HS=humongous(starts), HC=humongous(continues), CS=collection set, F=free, TAMS=top-at-mark-start, PB=parsable bottom
|   0|0x0000000703200000, 0x0000000703200000, 0x0000000703400000|  0%| F|  |TAMS 0x0000000703200000| PB 0x0000000703200000| Untracked |  0
|   1|0x0000000703400000, 0x0000000703400000, 0x0000000703600000|  0%| F|  |TAMS 0x0000000703400000| PB 0x0000000703400000| Untracked |  0
|   2|0x0000000703600000, 0x0000000703600000, 0x0000000703800000|  0%| F|  |TAMS 0x0000000703600000| PB 0x0000000703600000| Untracked |  0
|   3|0x0000000703800000, 0x0000000703800000, 0x0000000703a00000|  0%| F|  |TAMS 0x0000000703800000| PB 0x0000000703800000| Untracked |  0
|   4|0x0000000703a00000, 0x0000000703a00000, 0x0000000703c00000|  0%| F|  |TAMS 0x0000000703a00000| PB 0x0000000703a00000| Untracked |  0
|   5|0x0000000703c00000, 0x0000000703c00000, 0x0000000703e00000|  0%| F|  |TAMS 0x0000000703c00000| PB 0x0000000703c00000| Untracked |  0
|   6|0x0000000703e00000, 0x0000000703e00000, 0x0000000704000000|  0%| F|  |TAMS 0x0000000703e00000| PB 0x0000000703e00000| Untracked |  0
|   7|0x0000000704000000, 0x0000000704000000, 0x0000000704200000|  0%| F|  |TAMS 0x0000000704000000| PB 0x0000000704000000| Untracked |  0
|   8|0x0000000704200000, 0x0000000704200000, 0x0000000704400000|  0%| F|  |TAMS 0x0000000704200000| PB 0x0000000704200000| Untracked |  0
|   9|0x0000000704400000, 0x0000000704400000, 0x0000000704600000|  0%| F|  |TAMS 0x0000000704400000| PB 0x0000000704400000| Untracked |  0
|  10|0x0000000704600000, 0x0000000704600000, 0x0000000704800000|  0%| F|  |TAMS 0x0000000704600000| PB 0x0000000704600000| Untracked |  0
|  11|0x0000000704800000, 0x0000000704800000, 0x0000000704a00000|  0%| F|  |TAMS 0x0000000704800000| PB 0x0000000704800000| Untracked |  0
|  12|0x0000000704a00000, 0x0000000704a00000, 0x0000000704c00000|  0%| F|  |TAMS 0x0000000704a00000| PB 0x0000000704a00000| Untracked |  0
|  13|0x0000000704c00000, 0x0000000704c00000, 0x0000000704e00000|  0%| F|  |TAMS 0x0000000704c00000| PB 0x0000000704c00000| Untracked |  0
|  14|0x0000000704e00000, 0x0000000704e00000, 0x0000000705000000|  0%| F|  |TAMS 0x0000000704e00000| PB 0x0000000704e00000| Untracked |  0
|  15|0x0000000705000000, 0x0000000705000000, 0x0000000705200000|  0%| F|  |TAMS 0x0000000705000000| PB 0x0000000705000000| Untracked |  0
|  16|0x0000000705200000, 0x0000000705200000, 0x0000000705400000|  0%| F|  |TAMS 0x0000000705200000| PB 0x0000000705200000| Untracked |  0
|  17|0x0000000705400000, 0x0000000705400000, 0x0000000705600000|  0%| F|  |TAMS 0x0000000705400000| PB 0x0000000705400000| Untracked |  0
|  18|0x0000000705600000, 0x0000000705600000, 0x0000000705800000|  0%| F|  |TAMS 0x0000000705600000| PB 0x0000000705600000| Untracked |  0
|  19|0x0000000705800000, 0x0000000705800000, 0x0000000705a00000|  0%| F|  |TAMS 0x0000000705800000| PB 0x0000000705800000| Untracked |  0
|  20|0x0000000705a00000, 0x0000000705a00000, 0x0000000705c00000|  0%| F|  |TAMS 0x0000000705a00000| PB 0x0000000705a00000| Untracked |  0
|  21|0x0000000705c00000, 0x0000000705c00000, 0x0000000705e00000|  0%| F|  |TAMS 0x0000000705c00000| PB 0x0000000705c00000| Untracked |  0
|  22|0x0000000705e00000, 0x0000000705e00000, 0x0000000706000000|  0%| F|  |TAMS 0x0000000705e00000| PB 0x0000000705e00000| Untracked |  0
|  23|0x0000000706000000, 0x0000000706000000, 0x0000000706200000|  0%| F|  |TAMS 0x0000000706000000| PB 0x0000000706000000| Untracked |  0
|  24|0x0000000706200000, 0x0000000706200000, 0x0000000706400000|  0%| F|  |TAMS 0x0000000706200000| PB 0x0000000706200000| Untracked |  0
|  25|0x0000000706400000, 0x0000000706400000, 0x0000000706600000|  0%| F|  |TAMS 0x0000000706400000| PB 0x0000000706400000| Untracked |  0
|  26|0x0000000706600000, 0x0000000706600000, 0x0000000706800000|  0%| F|  |TAMS 0x0000000706600000| PB 0x0000000706600000| Untracked |  0
|  27|0x0000000706800000, 0x0000000706800000, 0x0000000706a00000|  0%| F|  |TAMS 0x0000000706800000| PB 0x0000000706800000| Untracked |  0
|  28|0x0000000706a00000, 0x0000000706a00000, 0x0000000706c00000|  0%| F|  |TAMS 0x0000000706a00000| PB 0x0000000706a00000| Untracked |  0
|  29|0x0000000706c00000, 0x0000000706c00000, 0x0000000706e00000|  0%| F|  |TAMS 0x0000000706c00000| PB 0x0000000706c00000| Untracked |  0
|  30|0x0000000706e00000, 0x0000000706e00000, 0x0000000707000000|  0%| F|  |TAMS 0x0000000706e00000| PB 0x0000000706e00000| Untracked |  0
|  31|0x0000000707000000, 0x0000000707000000, 0x0000000707200000|  0%| F|  |TAMS 0x0000000707000000| PB 0x0000000707000000| Untracked |  0
|  32|0x0000000707200000, 0x0000000707200000, 0x0000000707400000|  0%| F|  |TAMS 0x0000000707200000| PB 0x0000000707200000| Untracked |  0
|  33|0x0000000707400000, 0x0000000707400000, 0x0000000707600000|  0%| F|  |TAMS 0x0000000707400000| PB 0x0000000707400000| Untracked |  0
|  34|0x0000000707600000, 0x0000000707600000, 0x0000000707800000|  0%| F|  |TAMS 0x0000000707600000| PB 0x0000000707600000| Untracked |  0
|  35|0x0000000707800000, 0x0000000707800000, 0x0000000707a00000|  0%| F|  |TAMS 0x0000000707800000| PB 0x0000000707800000| Untracked |  0
|  36|0x0000000707a00000, 0x0000000707a00000, 0x0000000707c00000|  0%| F|  |TAMS 0x0000000707a00000| PB 0x0000000707a00000| Untracked |  0
|  37|0x0000000707c00000, 0x0000000707c00000, 0x0000000707e00000|  0%| F|  |TAMS 0x0000000707c00000| PB 0x0000000707c00000| Untracked |  0
|  38|0x0000000707e00000, 0x0000000707e00000, 0x0000000708000000|  0%| F|  |TAMS 0x0000000707e00000| PB 0x0000000707e00000| Untracked |  0
|  39|0x0000000708000000, 0x0000000708000000, 0x0000000708200000|  0%| F|  |TAMS 0x0000000708000000| PB 0x0000000708000000| Untracked |  0
|  40|0x0000000708200000, 0x0000000708200000, 0x0000000708400000|  0%| F|  |TAMS 0x0000000708200000| PB 0x0000000708200000| Untracked |  0
|  41|0x0000000708400000, 0x0000000708400000, 0x0000000708600000|  0%| F|  |TAMS 0x0000000708400000| PB 0x0000000708400000| Untracked |  0
|  42|0x0000000708600000, 0x0000000708600000, 0x0000000708800000|  0%| F|  |TAMS 0x0000000708600000| PB 0x0000000708600000| Untracked |  0
|  43|0x0000000708800000, 0x0000000708800000, 0x0000000708a00000|  0%| F|  |TAMS 0x0000000708800000| PB 0x0000000708800000| Untracked |  0
|  44|0x0000000708a00000, 0x0000000708a00000, 0x0000000708c00000|  0%| F|  |TAMS 0x0000000708a00000| PB 0x0000000708a00000| Untracked |  0
|  45|0x0000000708c00000, 0x0000000708c00000, 0x0000000708e00000|  0%| F|  |TAMS 0x0000000708c00000| PB 0x0000000708c00000| Untracked |  0
|  46|0x0000000708e00000, 0x0000000708e00000, 0x0000000709000000|  0%| F|  |TAMS 0x0000000708e00000| PB 0x0000000708e00000| Untracked |  0
|  47|0x0000000709000000, 0x0000000709000000, 0x0000000709200000|  0%| F|  |TAMS 0x0000000709000000| PB 0x0000000709000000| Untracked |  0
|  48|0x0000000709200000, 0x0000000709200000, 0x0000000709400000|  0%| F|  |TAMS 0x0000000709200000| PB 0x0000000709200000| Untracked |  0
|  49|0x0000000709400000, 0x0000000709400000, 0x0000000709600000|  0%| F|  |TAMS 0x0000000709400000| PB 0x0000000709400000| Untracked |  0
|  50|0x0000000709600000, 0x0000000709600000, 0x0000000709800000|  0%| F|  |TAMS 0x0000000709600000| PB 0x0000000709600000| Untracked |  0
|  51|0x0000000709800000, 0x0000000709800000, 0x0000000709a00000|  0%| F|  |TAMS 0x0000000709800000| PB 0x0000000709800000| Untracked |  0
|  52|0x0000000709a00000, 0x0000000709a00000, 0x0000000709c00000|  0%| F|  |TAMS 0x0000000709a00000| PB 0x0000000709a00000| Untracked |  0
|  53|0x0000000709c00000, 0x0000000709c00000, 0x0000000709e00000|  0%| F|  |TAMS 0x0000000709c00000| PB 0x0000000709c00000| Untracked |  0
|  54|0x0000000709e00000, 0x0000000709e00000, 0x000000070a000000|  0%| F|  |TAMS 0x0000000709e00000| PB 0x0000000709e00000| Untracked |  0
|  55|0x000000070a000000, 0x000000070a000000, 0x000000070a200000|  0%| F|  |TAMS 0x000000070a000000| PB 0x000000070a000000| Untracked |  0
|  56|0x000000070a200000, 0x000000070a200000, 0x000000070a400000|  0%| F|  |TAMS 0x000000070a200000| PB 0x000000070a200000| Untracked |  0
|  57|0x000000070a400000, 0x000000070a400000, 0x000000070a600000|  0%| F|  |TAMS 0x000000070a400000| PB 0x000000070a400000| Untracked |  0
|  58|0x000000070a600000, 0x000000070a600000, 0x000000070a800000|  0%| F|  |TAMS 0x000000070a600000| PB 0x000000070a600000| Untracked |  0
|  59|0x000000070a800000, 0x000000070a800000, 0x000000070aa00000|  0%| F|  |TAMS 0x000000070a800000| PB 0x000000070a800000| Untracked |  0
|  60|0x000000070aa00000, 0x000000070aa00000, 0x000000070ac00000|  0%| F|  |TAMS 0x000000070aa00000| PB 0x000000070aa00000| Untracked |  0
|  61|0x000000070ac00000, 0x000000070ac00000, 0x000000070ae00000|  0%| F|  |TAMS 0x000000070ac00000| PB 0x000000070ac00000| Untracked |  0
|  62|0x000000070ae00000, 0x000000070ae00000, 0x000000070b000000|  0%| F|  |TAMS 0x000000070ae00000| PB 0x000000070ae00000| Untracked |  0
|  63|0x000000070b000000, 0x000000070b000000, 0x000000070b200000|  0%| F|  |TAMS 0x000000070b000000| PB 0x000000070b000000| Untracked |  0
|  64|0x000000070b200000, 0x000000070b200000, 0x000000070b400000|  0%| F|  |TAMS 0x000000070b200000| PB 0x000000070b200000| Untracked |  0
|  65|0x000000070b400000, 0x000000070b400000, 0x000000070b600000|  0%| F|  |TAMS 0x000000070b400000| PB 0x000000070b400000| Untracked |  0
|  66|0x000000070b600000, 0x000000070b600000, 0x000000070b800000|  0%| F|  |TAMS 0x000000070b600000| PB 0x000000070b600000| Untracked |  0
|  67|0x000000070b800000, 0x000000070b800000, 0x000000070ba00000|  0%| F|  |TAMS 0x000000070b800000| PB 0x000000070b800000| Untracked |  0
|  68|0x000000070ba00000, 0x000000070ba00000, 0x000000070bc00000|  0%| F|  |TAMS 0x000000070ba00000| PB 0x000000070ba00000| Untracked |  0
|  69|0x000000070bc00000, 0x000000070bc00000, 0x000000070be00000|  0%| F|  |TAMS 0x000000070bc00000| PB 0x000000070bc00000| Untracked |  0
|  70|0x000000070be00000, 0x000000070be00000, 0x000000070c000000|  0%| F|  |TAMS 0x000000070be00000| PB 0x000000070be00000| Untracked |  0
|  71|0x000000070c000000, 0x000000070c000000, 0x000000070c200000|  0%| F|  |TAMS 0x000000070c000000| PB 0x000000070c000000| Untracked |  0
|  72|0x000000070c200000, 0x000000070c200000, 0x000000070c400000|  0%| F|  |TAMS 0x000000070c200000| PB 0x000000070c200000| Untracked |  0
|  73|0x000000070c400000, 0x000000070c400000, 0x000000070c600000|  0%| F|  |TAMS 0x000000070c400000| PB 0x000000070c400000| Untracked |  0
|  74|0x000000070c600000, 0x000000070c600000, 0x000000070c800000|  0%| F|  |TAMS 0x000000070c600000| PB 0x000000070c600000| Untracked |  0
|  75|0x000000070c800000, 0x000000070c800000, 0x000000070ca00000|  0%| F|  |TAMS 0x000000070c800000| PB 0x000000070c800000| Untracked |  0
|  76|0x000000070ca00000, 0x000000070ca00000, 0x000000070cc00000|  0%| F|  |TAMS 0x000000070ca00000| PB 0x000000070ca00000| Untracked |  0
|  77|0x000000070cc00000, 0x000000070cc00000, 0x000000070ce00000|  0%| F|  |TAMS 0x000000070cc00000| PB 0x000000070cc00000| Untracked |  0
|  78|0x000000070ce00000, 0x000000070ce00000, 0x000000070d000000|  0%| F|  |TAMS 0x000000070ce00000| PB 0x000000070ce00000| Untracked |  0
|  79|0x000000070d000000, 0x000000070d000000, 0x000000070d200000|  0%| F|  |TAMS 0x000000070d000000| PB 0x000000070d000000| Untracked |  0
|  80|0x000000070d200000, 0x000000070d200000, 0x000000070d400000|  0%| F|  |TAMS 0x000000070d200000| PB 0x000000070d200000| Untracked |  0
|  81|0x000000070d400000, 0x000000070d400000, 0x000000070d600000|  0%| F|  |TAMS 0x000000070d400000| PB 0x000000070d400000| Untracked |  0
|  82|0x000000070d600000, 0x000000070d600000, 0x000000070d800000|  0%| F|  |TAMS 0x000000070d600000| PB 0x000000070d600000| Untracked |  0
|  83|0x000000070d800000, 0x000000070d800000, 0x000000070da00000|  0%| F|  |TAMS 0x000000070d800000| PB 0x000000070d800000| Untracked |  0
|  84|0x000000070da00000, 0x000000070da00000, 0x000000070dc00000|  0%| F|  |TAMS 0x000000070da00000| PB 0x000000070da00000| Untracked |  0
|  85|0x000000070dc00000, 0x000000070dc00000, 0x000000070de00000|  0%| F|  |TAMS 0x000000070dc00000| PB 0x000000070dc00000| Untracked |  0
|  86|0x000000070de00000, 0x000000070de00000, 0x000000070e000000|  0%| F|  |TAMS 0x000000070de00000| PB 0x000000070de00000| Untracked |  0
|  87|0x000000070e000000, 0x000000070e000000, 0x000000070e200000|  0%| F|  |TAMS 0x000000070e000000| PB 0x000000070e000000| Untracked |  0
|  88|0x000000070e200000, 0x000000070e200000, 0x000000070e400000|  0%| F|  |TAMS 0x000000070e200000| PB 0x000000070e200000| Untracked |  0
|  89|0x000000070e400000, 0x000000070e400000, 0x000000070e600000|  0%| F|  |TAMS 0x000000070e400000| PB 0x000000070e400000| Untracked |  0
|  90|0x000000070e600000, 0x000000070e600000, 0x000000070e800000|  0%| F|  |TAMS 0x000000070e600000| PB 0x000000070e600000| Untracked |  0
|  91|0x000000070e800000, 0x000000070e800000, 0x000000070ea00000|  0%| F|  |TAMS 0x000000070e800000| PB 0x000000070e800000| Untracked |  0
|  92|0x000000070ea00000, 0x000000070ea00000, 0x000000070ec00000|  0%| F|  |TAMS 0x000000070ea00000| PB 0x000000070ea00000| Untracked |  0
|  93|0x000000070ec00000, 0x000000070ec00000, 0x000000070ee00000|  0%| F|  |TAMS 0x000000070ec00000| PB 0x000000070ec00000| Untracked |  0
|  94|0x000000070ee00000, 0x000000070ee00000, 0x000000070f000000|  0%| F|  |TAMS 0x000000070ee00000| PB 0x000000070ee00000| Untracked |  0
|  95|0x000000070f000000, 0x000000070f000000, 0x000000070f200000|  0%| F|  |TAMS 0x000000070f000000| PB 0x000000070f000000| Untracked |  0
|  96|0x000000070f200000, 0x000000070f200000, 0x000000070f400000|  0%| F|  |TAMS 0x000000070f200000| PB 0x000000070f200000| Untracked |  0
|  97|0x000000070f400000, 0x000000070f400000, 0x000000070f600000|  0%| F|  |TAMS 0x000000070f400000| PB 0x000000070f400000| Untracked |  0
|  98|0x000000070f600000, 0x000000070f600000, 0x000000070f800000|  0%| F|  |TAMS 0x000000070f600000| PB 0x000000070f600000| Untracked |  0
|  99|0x000000070f800000, 0x000000070f800000, 0x000000070fa00000|  0%| F|  |TAMS 0x000000070f800000| PB 0x000000070f800000| Untracked |  0
| 100|0x000000070fa00000, 0x000000070fa00000, 0x000000070fc00000|  0%| F|  |TAMS 0x000000070fa00000| PB 0x000000070fa00000| Untracked |  0
| 101|0x000000070fc00000, 0x000000070fc00000, 0x000000070fe00000|  0%| F|  |TAMS 0x000000070fc00000| PB 0x000000070fc00000| Untracked |  0
| 102|0x000000070fe00000, 0x000000070fe00000, 0x0000000710000000|  0%| F|  |TAMS 0x000000070fe00000| PB 0x000000070fe00000| Untracked |  0
| 103|0x0000000710000000, 0x0000000710000000, 0x0000000710200000|  0%| F|  |TAMS 0x0000000710000000| PB 0x0000000710000000| Untracked |  0
| 104|0x0000000710200000, 0x0000000710200000, 0x0000000710400000|  0%| F|  |TAMS 0x0000000710200000| PB 0x0000000710200000| Untracked |  0
| 105|0x0000000710400000, 0x0000000710400000, 0x0000000710600000|  0%| F|  |TAMS 0x0000000710400000| PB 0x0000000710400000| Untracked |  0
| 106|0x0000000710600000, 0x0000000710600000, 0x0000000710800000|  0%| F|  |TAMS 0x0000000710600000| PB 0x0000000710600000| Untracked |  0
| 107|0x0000000710800000, 0x0000000710800000, 0x0000000710a00000|  0%| F|  |TAMS 0x0000000710800000| PB 0x0000000710800000| Untracked |  0
| 108|0x0000000710a00000, 0x0000000710a00000, 0x0000000710c00000|  0%| F|  |TAMS 0x0000000710a00000| PB 0x0000000710a00000| Untracked |  0
| 109|0x0000000710c00000, 0x0000000710c00000, 0x0000000710e00000|  0%| F|  |TAMS 0x0000000710c00000| PB 0x0000000710c00000| Untracked |  0
| 110|0x0000000710e00000, 0x0000000710e00000, 0x0000000711000000|  0%| F|  |TAMS 0x0000000710e00000| PB 0x0000000710e00000| Untracked |  0
| 111|0x0000000711000000, 0x0000000711000000, 0x0000000711200000|  0%| F|  |TAMS 0x0000000711000000| PB 0x0000000711000000| Untracked |  0
| 112|0x0000000711200000, 0x0000000711200000, 0x0000000711400000|  0%| F|  |TAMS 0x0000000711200000| PB 0x0000000711200000| Untracked |  0
| 113|0x0000000711400000, 0x0000000711400000, 0x0000000711600000|  0%| F|  |TAMS 0x0000000711400000| PB 0x0000000711400000| Untracked |  0
| 114|0x0000000711600000, 0x0000000711600000, 0x0000000711800000|  0%| F|  |TAMS 0x0000000711600000| PB 0x0000000711600000| Untracked |  0
| 115|0x0000000711800000, 0x0000000711800000, 0x0000000711a00000|  0%| F|  |TAMS 0x0000000711800000| PB 0x0000000711800000| Untracked |  0
| 116|0x0000000711a00000, 0x0000000711a00000, 0x0000000711c00000|  0%| F|  |TAMS 0x0000000711a00000| PB 0x0000000711a00000| Untracked |  0
| 117|0x0000000711c00000, 0x0000000711c00000, 0x0000000711e00000|  0%| F|  |TAMS 0x0000000711c00000| PB 0x0000000711c00000| Untracked |  0
| 118|0x0000000711e00000, 0x0000000711e00000, 0x0000000712000000|  0%| F|  |TAMS 0x0000000711e00000| PB 0x0000000711e00000| Untracked |  0
| 119|0x0000000712000000, 0x0000000712000000, 0x0000000712200000|  0%| F|  |TAMS 0x0000000712000000| PB 0x0000000712000000| Untracked |  0
| 120|0x0000000712200000, 0x0000000712200000, 0x0000000712400000|  0%| F|  |TAMS 0x0000000712200000| PB 0x0000000712200000| Untracked |  0
| 121|0x0000000712400000, 0x0000000712400000, 0x0000000712600000|  0%| F|  |TAMS 0x0000000712400000| PB 0x0000000712400000| Untracked |  0
| 122|0x0000000712600000, 0x0000000712600000, 0x0000000712800000|  0%| F|  |TAMS 0x0000000712600000| PB 0x0000000712600000| Untracked |  0
| 123|0x0000000712800000, 0x0000000712800000, 0x0000000712a00000|  0%| F|  |TAMS 0x0000000712800000| PB 0x0000000712800000| Untracked |  0
| 124|0x0000000712a00000, 0x0000000712a7ae30, 0x0000000712c00000| 24%| E|  |TAMS 0x0000000712a00000| PB 0x0000000712a00000| Complete |  0
| 125|0x0000000712c00000, 0x0000000712e00000, 0x0000000712e00000|100%| E|CS|TAMS 0x0000000712c00000| PB 0x0000000712c00000| Complete |  0
| 126|0x0000000712e00000, 0x0000000713000000, 0x0000000713000000|100%| E|CS|TAMS 0x0000000712e00000| PB 0x0000000712e00000| Complete |  0

Card table byte_map: [0x0000028ea4770000,0x0000028ea4f60000] _byte_map_base: 0x0000028ea0f57000

Marking Bits: (CMBitMap*) 0x0000028e8c743ad0
 Bits: [0x0000028ea4f60000, 0x0000028ea8e98000)

Polling page: 0x0000028e8a6a0000

Metaspace:

Usage:
  Non-class:    696.48 KB used.
      Class:     62.15 KB used.
       Both:    758.62 KB used.

Virtual space:
  Non-class space:       64.00 MB reserved,     768.00 KB (  1%) committed,  1 nodes.
      Class space:        1.00 GB reserved,     128.00 KB ( <1%) committed,  1 nodes.
             Both:        1.06 GB reserved,     896.00 KB ( <1%) committed. 

Chunk freelists:
   Non-Class:  11.92 MB
       Class:  15.71 MB
        Both:  27.64 MB

MaxMetaspaceSize: unlimited
CompressedClassSpaceSize: 1.00 GB
Initial GC threshold: 21.00 MB
Current GC threshold: 21.00 MB
CDS: on
 - commit_granule_bytes: 65536.
 - commit_granule_words: 8192.
 - virtual_space_node_default_size: 8388608.
 - enlarge_chunks_in_place: 1.
 - use_allocation_guard: 0.


Internal statistics:

num_allocs_failed_limit: 0.
num_arena_births: 72.
num_arena_deaths: 0.
num_vsnodes_births: 2.
num_vsnodes_deaths: 0.
num_space_committed: 14.
num_space_uncommitted: 0.
num_chunks_returned_to_freelist: 0.
num_chunks_taken_from_freelist: 81.
num_chunk_merges: 0.
num_chunk_splits: 53.
num_chunks_enlarged: 26.
num_inconsistent_stats: 0.

CodeHeap 'non-profiled nmethods': size=120000Kb used=140Kb max_used=140Kb free=119859Kb
 bounds [0x0000028e9c500000, 0x0000028e9c770000, 0x0000028ea3a30000]
CodeHeap 'profiled nmethods': size=120000Kb used=522Kb max_used=522Kb free=119477Kb
 bounds [0x0000028e94a30000, 0x0000028e94ca0000, 0x0000028e9bf60000]
CodeHeap 'non-nmethods': size=5760Kb used=1339Kb max_used=1354Kb free=4420Kb
 bounds [0x0000028e9bf60000, 0x0000028e9c1d0000, 0x0000028e9c500000]
 total_blobs=819 nmethods=372 adapters=352
 compilation: enabled
              stopped_count=0, restarted_count=0
 full_count=0

Compilation events (20 events):
Event: 3.842 Thread 0x0000028eabb0c030  364       3       java.util.regex.Pattern$LastNode::match (45 bytes)
Event: 3.842 Thread 0x0000028eabb0c030 nmethod 364 0x0000028e94aafa10 code [0x0000028e94aafbc0, 0x0000028e94aafdc8]
Event: 3.842 Thread 0x0000028eabb0c030  361       3       java.util.regex.Matcher::end (9 bytes)
Event: 3.842 Thread 0x0000028eabb0c030 nmethod 361 0x0000028e94aaff10 code [0x0000028e94ab00e0, 0x0000028e94ab03c8]
Event: 3.842 Thread 0x0000028eabb0c030  365       3       java.util.regex.Matcher::find (69 bytes)
Event: 3.842 Thread 0x0000028eabb0c030 nmethod 365 0x0000028e94ab0510 code [0x0000028e94ab06c0, 0x0000028e94ab0998]
Event: 3.842 Thread 0x0000028eabb0c030  366       3       java.lang.String::subSequence (7 bytes)
Event: 3.842 Thread 0x0000028eabb0c030 nmethod 366 0x0000028e94ab0a90 code [0x0000028e94ab0c40, 0x0000028e94ab0d78]
Event: 3.842 Thread 0x0000028eabb082c0  367       4       java.util.regex.Pattern$$Lambda/0x80000002a::is (9 bytes)
Event: 3.843 Thread 0x0000028eabb082c0 nmethod 367 0x0000028e9c522190 code [0x0000028e9c522300, 0x0000028e9c522398]
Event: 3.843 Thread 0x0000028eabb082c0  368       4       java.util.regex.Pattern$BmpCharPropertyGreedy::match (89 bytes)
Event: 3.843 Thread 0x0000028eabb0c030  370       3       java.util.ImmutableCollections$SetN::<init> (90 bytes)
Event: 3.844 Thread 0x0000028eabb0c030 nmethod 370 0x0000028e94ab0e10 code [0x0000028e94ab10c0, 0x0000028e94ab1e30]
Event: 3.844 Thread 0x0000028eabb0c030  371       3       java.util.regex.Pattern::isSupplementary (21 bytes)
Event: 3.844 Thread 0x0000028eabb0c030 nmethod 371 0x0000028e94ab2310 code [0x0000028e94ab24c0, 0x0000028e94ab2718]
Event: 3.844 Thread 0x0000028eabb0c030  372       3       java.lang.Character::isSurrogate (18 bytes)
Event: 3.844 Thread 0x0000028eabb0c030 nmethod 372 0x0000028e94ab2810 code [0x0000028e94ab29a0, 0x0000028e94ab2b18]
Event: 3.846 Thread 0x0000028eabb082c0 nmethod 368 0x0000028e9c522490 code [0x0000028e9c522660, 0x0000028e9c522b08]
Event: 3.846 Thread 0x0000028eabb082c0  369       4       java.lang.String::toString (2 bytes)
Event: 3.846 Thread 0x0000028eabb082c0 nmethod 369 0x0000028e9c522e90 code [0x0000028e9c523000, 0x0000028e9c523088]

GC Heap History (0 events):
No events

Dll operation events (4 events):
Event: 1.411 Loaded shared library C:\Program Files\Java\jdk-22\bin\java.dll
Event: 2.468 Loaded shared library C:\Program Files\Java\jdk-22\bin\zip.dll
Event: 2.468 Loaded shared library C:\Program Files\Java\jdk-22\bin\jsvml.dll
Event: 2.497 Loaded shared library C:\Program Files\Java\jdk-22\bin\jimage.dll

Deoptimization events (8 events):
Event: 2.527 Thread 0x0000028ef1045ea0 DEOPT PACKING pc=0x0000028e94a3b3a1 sp=0x000000ed41dff1b0
Event: 2.542 Thread 0x0000028ef1045ea0 DEOPT UNPACKING pc=0x0000028e9bfb4e42 sp=0x000000ed41dfe608 mode 3
Event: 3.725 Thread 0x0000028e8a4efeb0 DEOPT PACKING pc=0x0000028e94a9ebb1 sp=0x000000ed40cff3a0
Event: 3.725 Thread 0x0000028e8a4efeb0 DEOPT UNPACKING pc=0x0000028e9bfb4e42 sp=0x000000ed40cfeaf8 mode 0
Event: 3.730 Thread 0x0000028e8a4efeb0 Uncommon trap: trap_request=0xffffff45 fr.pc=0x0000028e9c51d698 relative=0x0000000000000238
Event: 3.730 Thread 0x0000028e8a4efeb0 Uncommon trap: reason=unstable_if action=reinterpret pc=0x0000028e9c51d698 method=calculadoraMP.calcularProteinas.Simulate(IILjava/io/File;)D @ 128 c2
Event: 3.730 Thread 0x0000028e8a4efeb0 DEOPT PACKING pc=0x0000028e9c51d698 sp=0x000000ed40cff6b0
Event: 3.730 Thread 0x0000028e8a4efeb0 DEOPT UNPACKING pc=0x0000028e9bfb46a2 sp=0x000000ed40cff608 mode 2

Classes loaded (20 events):
Event: 3.731 Loading class jdk/internal/math/FloatingDecimal$BinaryToASCIIBuffer
Event: 3.732 Loading class jdk/internal/math/FloatingDecimal$BinaryToASCIIBuffer done
Event: 3.732 Loading class jdk/internal/math/FloatingDecimal$1
Event: 3.732 Loading class jdk/internal/math/FloatingDecimal$1 done
Event: 3.732 Loading class jdk/internal/math/FloatingDecimal$PreparedASCIIToBinaryBuffer
Event: 3.732 Loading class jdk/internal/math/FloatingDecimal$ASCIIToBinaryConverter
Event: 3.732 Loading class jdk/internal/math/FloatingDecimal$ASCIIToBinaryConverter done
Event: 3.732 Loading class jdk/internal/math/FloatingDecimal$PreparedASCIIToBinaryBuffer done
Event: 3.732 Loading class jdk/internal/math/FloatingDecimal$ASCIIToBinaryBuffer
Event: 3.732 Loading class jdk/internal/math/FloatingDecimal$ASCIIToBinaryBuffer done
Event: 3.734 Loading class jdk/internal/math/FormattedFPDecimal
Event: 3.734 Loading class jdk/internal/math/FormattedFPDecimal done
Event: 3.836 Loading class jdk/internal/module/ModulePatcher$PatchedModuleReader
Event: 3.836 Loading class jdk/internal/module/ModulePatcher$PatchedModuleReader done
Event: 3.836 Loading class sun/net/www/protocol/jrt/Handler
Event: 3.836 Loading class sun/net/www/protocol/jrt/Handler done
Event: 3.844 Loading class sun/util/resources/LocaleData$CommonResourceBundleProvider
Event: 3.845 Loading class sun/util/resources/LocaleData$LocaleDataResourceBundleProvider
Event: 3.845 Loading class java/util/spi/ResourceBundleProvider
Event: 3.845 Loading class java/util/spi/ResourceBundleProvider done

Classes unloaded (0 events):
No events

Classes redefined (0 events):
No events

Internal exceptions (1 events):
Event: 2.545 Thread 0x0000028e8a4efeb0 Exception <a 'java/lang/NoSuchMethodError'{0x0000000712c466b0}: 'java.lang.Object java.lang.invoke.DirectMethodHandle$Holder.invokeStatic(java.lang.Object, int, java.lang.Object)'> (0x0000000712c466b0) 
thrown [s\open\src\hotspot\share\interpreter\linkResolver.cpp, line 774]

ZGC Phase Switch (0 events):
No events

VM Operations (4 events):
Event: 2.549 Executing VM operation: HandshakeAllThreads (Deoptimize)
Event: 2.702 Executing VM operation: HandshakeAllThreads (Deoptimize) done
Event: 3.708 Executing VM operation: Cleanup
Event: 3.708 Executing VM operation: Cleanup done

Memory protections (0 events):
No events

Nmethod flushes (0 events):
No events

Events (15 events):
Event: 1.889 Thread 0x0000028e8a4efeb0 Thread added: 0x0000028e8a4efeb0
Event: 1.928 Thread 0x0000028e8a4efeb0 Thread added: 0x0000028eabafae10
Event: 1.928 Thread 0x0000028e8a4efeb0 Thread added: 0x0000028eabafc980
Event: 1.928 Thread 0x0000028e8a4efeb0 Thread added: 0x0000028eabafd5e0
Event: 1.928 Thread 0x0000028e8a4efeb0 Thread added: 0x0000028eabb04060
Event: 1.928 Thread 0x0000028e8a4efeb0 Thread added: 0x0000028eabb04ac0
Event: 1.928 Thread 0x0000028e8a4efeb0 Thread added: 0x0000028eabb05520
Event: 1.928 Thread 0x0000028e8a4efeb0 Thread added: 0x0000028eabb082c0
Event: 1.943 Thread 0x0000028e8a4efeb0 Thread added: 0x0000028eabb0c030
Event: 2.081 Thread 0x0000028e8a4efeb0 Thread added: 0x0000028ef1044c30
Event: 2.084 Thread 0x0000028e8a4efeb0 Thread added: 0x0000028ef1045ea0
Event: 2.483 Thread 0x0000028eabb0c030 Thread added: 0x0000028ef11ddbd0
Event: 2.546 Thread 0x0000028eabb0c030 Thread added: 0x0000028ef1334550
Event: 2.838 Thread 0x0000028ef1334550 Thread exited: 0x0000028ef1334550
Event: 2.838 Thread 0x0000028ef11ddbd0 Thread exited: 0x0000028ef11ddbd0


Dynamic libraries:
0x00007ff64ba80000 - 0x00007ff64ba90000 	C:\Program Files\Java\jdk-22\bin\java.exe
0x00007ff94f390000 - 0x00007ff94f5a7000 	C:\Windows\SYSTEM32\ntdll.dll
0x00007ff94d760000 - 0x00007ff94d824000 	C:\Windows\System32\KERNEL32.DLL
0x00007ff94cc80000 - 0x00007ff94d039000 	C:\Windows\System32\KERNELBASE.dll
0x00007ff94cac0000 - 0x00007ff94cbd1000 	C:\Windows\System32\ucrtbase.dll
0x00007ff945390000 - 0x00007ff9453ab000 	C:\Program Files\Java\jdk-22\bin\VCRUNTIME140.dll
0x00007ff9488d0000 - 0x00007ff9488e7000 	C:\Program Files\Java\jdk-22\bin\jli.dll
0x00007ff94d230000 - 0x00007ff94d3de000 	C:\Windows\System32\USER32.dll
0x00007ff94c880000 - 0x00007ff94c8a6000 	C:\Windows\System32\win32u.dll
0x00007ff94eb10000 - 0x00007ff94eb39000 	C:\Windows\System32\GDI32.dll
0x00007ff94c8b0000 - 0x00007ff94c9cb000 	C:\Windows\System32\gdi32full.dll
0x00007ff94cbe0000 - 0x00007ff94cc7a000 	C:\Windows\System32\msvcp_win.dll
0x00007ff937430000 - 0x00007ff9376c2000 	C:\Windows\WinSxS\amd64_microsoft.windows.common-controls_6595b64144ccf1df_6.0.22621.4391_none_2715d37f73803e96\COMCTL32.dll
0x00007ff94d6a0000 - 0x00007ff94d747000 	C:\Windows\System32\msvcrt.dll
0x00007ff94d650000 - 0x00007ff94d681000 	C:\Windows\System32\IMM32.DLL
0x00007ff947d40000 - 0x00007ff947d4c000 	C:\Program Files\Java\jdk-22\bin\vcruntime140_1.dll
0x00007ff927180000 - 0x00007ff92720e000 	C:\Program Files\Java\jdk-22\bin\msvcp140.dll
0x00007ff8bb2a0000 - 0x00007ff8bbfe9000 	C:\Program Files\Java\jdk-22\bin\server\jvm.dll
0x00007ff94d890000 - 0x00007ff94d942000 	C:\Windows\System32\ADVAPI32.dll
0x00007ff94e1d0000 - 0x00007ff94e277000 	C:\Windows\System32\sechost.dll
0x00007ff94ca90000 - 0x00007ff94cab8000 	C:\Windows\System32\bcrypt.dll
0x00007ff94d110000 - 0x00007ff94d224000 	C:\Windows\System32\RPCRT4.dll
0x00007ff94eb40000 - 0x00007ff94ebb1000 	C:\Windows\System32\WS2_32.dll
0x00007ff94b520000 - 0x00007ff94b56d000 	C:\Windows\SYSTEM32\POWRPROF.dll
0x00007ff940e70000 - 0x00007ff940ea4000 	C:\Windows\SYSTEM32\WINMM.dll
0x00007ff948e00000 - 0x00007ff948e0a000 	C:\Windows\SYSTEM32\VERSION.dll
0x00007ff94b500000 - 0x00007ff94b513000 	C:\Windows\SYSTEM32\UMPDC.dll
0x00007ff94b7c0000 - 0x00007ff94b7d8000 	C:\Windows\SYSTEM32\kernel.appcore.dll
0x00007ff92bfa0000 - 0x00007ff92bfaa000 	C:\Program Files\Java\jdk-22\bin\jimage.dll
0x00007ff93fee0000 - 0x00007ff940112000 	C:\Windows\SYSTEM32\DBGHELP.DLL
0x00007ff94e780000 - 0x00007ff94eb0f000 	C:\Windows\System32\combase.dll
0x00007ff94d540000 - 0x00007ff94d617000 	C:\Windows\System32\OLEAUT32.dll
0x00007ff926820000 - 0x00007ff926852000 	C:\Windows\SYSTEM32\dbgcore.DLL
0x00007ff94c800000 - 0x00007ff94c87b000 	C:\Windows\System32\bcryptPrimitives.dll
0x00007ff8fc2b0000 - 0x00007ff8fc2ce000 	C:\Program Files\Java\jdk-22\bin\java.dll
0x00007ff94d950000 - 0x00007ff94e1c6000 	C:\Windows\System32\SHELL32.dll
0x00007ff94ebc0000 - 0x00007ff94ed65000 	C:\Windows\System32\ole32.dll
0x00007ff94a5e0000 - 0x00007ff94aee3000 	C:\Windows\SYSTEM32\windows.storage.dll
0x00007ff94a4a0000 - 0x00007ff94a5df000 	C:\Windows\SYSTEM32\wintypes.dll
0x00007ff94f250000 - 0x00007ff94f349000 	C:\Windows\System32\SHCORE.dll
0x00007ff94d0b0000 - 0x00007ff94d10e000 	C:\Windows\System32\shlwapi.dll
0x00007ff94c5c0000 - 0x00007ff94c5eb000 	C:\Windows\SYSTEM32\profapi.dll
0x00007ff8f6e90000 - 0x00007ff8f6ea7000 	C:\Program Files\Java\jdk-22\bin\zip.dll
0x00007ff8d05a0000 - 0x00007ff8d0677000 	C:\Program Files\Java\jdk-22\bin\jsvml.dll

dbghelp: loaded successfully - version: 4.0.5 - missing functions: none
symbol engine: initialized successfully - sym options: 0x614 - pdb path: .;C:\Program Files\Java\jdk-22\bin;C:\Windows\SYSTEM32;C:\Windows\WinSxS\amd64_microsoft.windows.common-controls_6595b64144ccf1df_6.0.22621.4391_none_2715d37f73803e96;C:\Program Files\Java\jdk-22\bin\server

VM Arguments:
java_command: calculadoraMP.calcularProteinas 2 122 C:\Users\Ismael\Desktop\DAM\2º\servicios y procesos\aev2\calculadoraProteinas\.\docs\20241207_012931_847\MP
java_class_path (initial): C:\Users\Ismael\Desktop\DAM\2º\servicios y procesos\aev2\calculadoraProteinas\bin
Launcher Type: SUN_STANDARD

[Global flags]
     intx CICompilerCount                          = 4                                         {product} {ergonomic}
     uint ConcGCThreads                            = 3                                         {product} {ergonomic}
     uint G1ConcRefinementThreads                  = 10                                        {product} {ergonomic}
   size_t G1HeapRegionSize                         = 2097152                                   {product} {ergonomic}
   size_t InitialHeapSize                          = 266338304                                 {product} {ergonomic}
   size_t MarkStackSize                            = 4194304                                   {product} {ergonomic}
   size_t MaxHeapSize                              = 4242538496                                {product} {ergonomic}
   size_t MaxNewSize                               = 2543845376                                {product} {ergonomic}
   size_t MinHeapDeltaBytes                        = 2097152                                   {product} {ergonomic}
   size_t MinHeapSize                              = 8388608                                   {product} {ergonomic}
    uintx NonNMethodCodeHeapSize                   = 5839372                                {pd product} {ergonomic}
    uintx NonProfiledCodeHeapSize                  = 122909434                              {pd product} {ergonomic}
    uintx ProfiledCodeHeapSize                     = 122909434                              {pd product} {ergonomic}
    uintx ReservedCodeCacheSize                    = 251658240                              {pd product} {ergonomic}
     bool SegmentedCodeCache                       = true                                      {product} {ergonomic}
   size_t SoftMaxHeapSize                          = 4242538496                             {manageable} {ergonomic}
     bool UseCompressedOops                        = true                           {product lp64_product} {ergonomic}
     bool UseG1GC                                  = true                                      {product} {ergonomic}
     bool UseLargePagesIndividualAllocation        = false                                  {pd product} {ergonomic}

Logging:
Log output configuration:
 #0: stdout all=warning uptime,level,tags foldmultilines=false
 #1: stderr all=off uptime,level,tags foldmultilines=false

Environment Variables:
PATH=C:/Program Files/Java/jdk-22/bin/server;C:/Program Files/Java/jdk-22/bin;C:\Program Files\Common Files\Oracle\Java\javapath;C:\app\Ismael\product\21c\dbhomeXE\bin;C:\Program Files (x86)\NVIDIA Corporation\PhysX\Common;C:\Windows\system32;C:\Windows;C:\Windows\System32\Wbem;C:\Windows\System32\WindowsPowerShell\v1.0\;C:\Windows\System32\OpenSSH\;C:\Program Files\Git\cmd;C:\Program Files\nodejs\;C:\Program Files\Microsoft SQL Server\150\Tools\Binn\;C:\Program Files\dotnet\;C:\Program Files\PuTTY\;C:\Users\Ismael\AppData\Local\Microsoft\WindowsApps;;C:\Users\Ismael\AppData\Local\Programs\Microsoft VS Code\bin;C:\Users\Ismael\AppData\Roaming\npm;C:\Users\Ismael\.dotnet\tools;C:\Windows\system32;
USERNAME=Ismael
OS=Windows_NT
PROCESSOR_IDENTIFIER=AMD64 Family 25 Model 80 Stepping 0, AuthenticAMD
TMP=C:\Users\Ismael\AppData\Local\Temp
TEMP=C:\Users\Ismael\AppData\Local\Temp




Periodic native trim disabled

---------------  S Y S T E M  ---------------

OS:
 Windows 11 , 64 bit Build 22621 (10.0.22621.4391)
OS uptime: 14 days 22:31 hours

CPU: total 12 (initial active 12) (12 cores per cpu, 2 threads per core) family 25 model 80 stepping 0 microcode 0x0, cx8, cmov, fxsr, ht, mmx, 3dnowpref, sse, sse2, sse3, ssse3, sse4a, sse4.1, sse4.2, popcnt, lzcnt, tsc, tscinvbit, avx, avx2, aes, erms, clmul, bmi1, bmi2, adx, sha, fma, vzeroupper, clflush, clflushopt, rdtscp, rdpid, fsrm, f16c, pku, cet_ss
Processor Information for all 12 processors :
  Max Mhz: 3600, Current Mhz: 3600, Mhz Limit: 3600

Memory: 4k page, system-wide physical 16176M (2792M free)
TotalPageFile size 63355M (AvailPageFile size 13180M)
current process WorkingSet (physical memory assigned to process): 42M, peak: 42M
current process commit charge ("private bytes"): 345M, peak: 345M

vm_info: Java HotSpot(TM) 64-Bit Server VM (22.0.2+9-70) for windows-amd64 JRE (22.0.2+9-70), built on 2024-06-04T16:52:23Z by "mach5one" with MS VC++ 17.6 (VS2022)

END.
